#
# There is insufficient memory for the Java Runtime Environment to continue.
# Native memory allocation (mmap) failed to map 57671680 bytes for G1 virtual space
# Possible reasons:
#   The system is out of physical RAM or swap space
#   The process is running with CompressedOops enabled, and the Java Heap may be blocking the growth of the native heap
# Possible solutions:
#   Reduce memory load on the system
#   Increase physical memory or swap space
#   Check if swap backing store is full
#   Decrease Java heap size (-Xmx/-Xms)
#   Decrease number of Java threads
#   Decrease Java thread stack sizes (-Xss)
#   Set larger code cache with -XX:ReservedCodeCacheSize=
#   JVM is running with Unscaled Compressed Oops mode in which the Java heap is
#     placed in the first 4GB address space. The Java Heap base address is the
#     maximum limit for the native heap growth. Please use -XX:HeapBaseMinAddress
#     to set the Java Heap base and to place the Java Heap above 4GB virtual address.
# This output file may be truncated or incomplete.
#
#  Out of Memory Error (os_windows.cpp:3469), pid=1016, tid=24332
#
# JRE version: OpenJDK Runtime Environment (17.0.1+12) (build 17.0.1+12-39)
# Java VM: OpenJDK 64-Bit Server VM (17.0.1+12-39, mixed mode, emulated-client, sharing, tiered, compressed oops, compressed class ptrs, g1 gc, windows-amd64)
# No core dump will be written. Minidumps are not enabled by default on client versions of Windows
#

---------------  S U M M A R Y ------------

Command Line: -XX:TieredStopAtLevel=1 -Dfile.encoding=windows-1251 -Duser.country=US -Duser.language=en -Duser.variant com.company.untitled.UntitledApplication

Host: Intel(R) Core(TM) i5-4460S CPU @ 2.90GHz, 4 cores, 7G,  Windows 10 , 64 bit Build 19041 (10.0.19041.1348)
Time: Mon Nov 22 09:38:44 2021 Azerbaijan Standard Time elapsed time: 2.928603 seconds (0d 0h 0m 2s)

---------------  T H R E A D  ---------------

Current thread (0x00000256ea6d8860):  VMThread "VM Thread" [stack: 0x000000cae3f00000,0x000000cae4000000] [id=24332]

Stack: [0x000000cae3f00000,0x000000cae4000000]
Native frames: (J=compiled Java code, j=interpreted, Vv=VM code, C=native code)
V  [jvm.dll+0x66fa1a]
V  [jvm.dll+0x7ce5a4]
V  [jvm.dll+0x7cfd4e]
V  [jvm.dll+0x7d03b3]
V  [jvm.dll+0x242b05]
V  [jvm.dll+0x66ca39]
V  [jvm.dll+0x661502]
V  [jvm.dll+0x30081b]
V  [jvm.dll+0x307da6]
V  [jvm.dll+0x357a1e]
V  [jvm.dll+0x357c4f]
V  [jvm.dll+0x2d7ad8]
V  [jvm.dll+0x2d5da4]
V  [jvm.dll+0x2d53ac]
V  [jvm.dll+0x318d0b]
V  [jvm.dll+0x7d484b]
V  [jvm.dll+0x7d5584]
V  [jvm.dll+0x7d5a9c]
V  [jvm.dll+0x7d5e74]
V  [jvm.dll+0x7d5f40]
V  [jvm.dll+0x77e91a]
V  [jvm.dll+0x66e845]
C  [ucrtbase.dll+0x21bb2]
C  [KERNEL32.DLL+0x17034]
C  [ntdll.dll+0x52651]

VM_Operation (0x000000cae39fd8a0): G1CollectForAllocation, mode: safepoint, requested by thread 0x00000256d91c3380


---------------  P R O C E S S  ---------------

Threads class SMR info:
_java_thread_list=0x00000256ecc0a940, length=13, elements={
0x00000256d91c3380, 0x00000256ea6dec40, 0x00000256ea6dfb00, 0x00000256ea6f2ca0,
0x00000256ea6f3a20, 0x00000256ea6f89c0, 0x00000256ea6fdcb0, 0x00000256ea702ba0,
0x00000256ea70b4b0, 0x00000256eb16f900, 0x00000256eb179e50, 0x00000256ea6ff990,
0x00000256ea6ffe60
}

Java Threads: ( => current thread )
  0x00000256d91c3380 JavaThread "main" [_thread_blocked, id=29752, stack(0x000000cae3900000,0x000000cae3a00000)]
  0x00000256ea6dec40 JavaThread "Reference Handler" daemon [_thread_blocked, id=18412, stack(0x000000cae4000000,0x000000cae4100000)]
  0x00000256ea6dfb00 JavaThread "Finalizer" daemon [_thread_blocked, id=28828, stack(0x000000cae4100000,0x000000cae4200000)]
  0x00000256ea6f2ca0 JavaThread "Signal Dispatcher" daemon [_thread_blocked, id=2896, stack(0x000000cae4200000,0x000000cae4300000)]
  0x00000256ea6f3a20 JavaThread "Attach Listener" daemon [_thread_blocked, id=26208, stack(0x000000cae4300000,0x000000cae4400000)]
  0x00000256ea6f89c0 JavaThread "Service Thread" daemon [_thread_blocked, id=11820, stack(0x000000cae4400000,0x000000cae4500000)]
  0x00000256ea6fdcb0 JavaThread "Monitor Deflation Thread" daemon [_thread_blocked, id=21480, stack(0x000000cae4500000,0x000000cae4600000)]
  0x00000256ea702ba0 JavaThread "C1 CompilerThread0" daemon [_thread_blocked, id=31952, stack(0x000000cae4600000,0x000000cae4700000)]
  0x00000256ea70b4b0 JavaThread "Sweeper thread" daemon [_thread_blocked, id=26828, stack(0x000000cae4700000,0x000000cae4800000)]
  0x00000256eb16f900 JavaThread "C1 CompilerThread1" daemon [_thread_blocked, id=16372, stack(0x000000cae4800000,0x000000cae4900000)]
  0x00000256eb179e50 JavaThread "C1 CompilerThread2" daemon [_thread_blocked, id=22020, stack(0x000000cae4900000,0x000000cae4a00000)]
  0x00000256ea6ff990 JavaThread "Notification Thread" daemon [_thread_blocked, id=31660, stack(0x000000cae4a00000,0x000000cae4b00000)]
  0x00000256ea6ffe60 JavaThread "Common-Cleaner" daemon [_thread_blocked, id=27408, stack(0x000000cae4c00000,0x000000cae4d00000)]

Other Threads:
=>0x00000256ea6d8860 VMThread "VM Thread" [stack: 0x000000cae3f00000,0x000000cae4000000] [id=24332]
  0x00000256d921d1d0 WatcherThread [stack: 0x000000cae4b00000,0x000000cae4c00000] [id=31816]
  0x00000256d9202c70 GCTaskThread "GC Thread#0" [stack: 0x000000cae3a00000,0x000000cae3b00000] [id=30132]
  0x00000256eb193890 GCTaskThread "GC Thread#1" [stack: 0x000000cae4d00000,0x000000cae4e00000] [id=17716]
  0x00000256eb193b40 GCTaskThread "GC Thread#2" [stack: 0x000000cae4e00000,0x000000cae4f00000] [id=25184]
  0x00000256ec6df970 GCTaskThread "GC Thread#3" [stack: 0x000000cae5000000,0x000000cae5100000] [id=16248]
  0x00000256d9213880 ConcurrentGCThread "G1 Main Marker" [stack: 0x000000cae3b00000,0x000000cae3c00000] [id=15324]
  0x00000256d9215a40 ConcurrentGCThread "G1 Conc#0" [stack: 0x000000cae3c00000,0x000000cae3d00000] [id=11396]
  0x00000256d928dc80 ConcurrentGCThread "G1 Refine#0" [stack: 0x000000cae3d00000,0x000000cae3e00000] [id=21232]
  0x00000256ec84eea0 ConcurrentGCThread "G1 Refine#1" [stack: 0x000000cae5100000,0x000000cae5200000] [id=32328]
  0x00000256ec691ed0 ConcurrentGCThread "G1 Refine#2" [stack: 0x000000cae5200000,0x000000cae5300000] [id=29744]
  0x00000256d928f5c0 ConcurrentGCThread "G1 Service" [stack: 0x000000cae3e00000,0x000000cae3f00000] [id=29524]

Threads with active compile tasks:

VM state: at safepoint (normal execution)

VM Mutex/Monitor currently owned by a thread:  ([mutex/lock_event])
[0x00000256d91bd110] Threads_lock - owner thread: 0x00000256ea6d8860
[0x00000256d91be4c0] Heap_lock - owner thread: 0x00000256d91c3380

Heap address: 0x0000000082000000, size: 2016 MB, Compressed Oops mode: 32-bit

CDS archive(s) mapped at: [0x0000000800000000-0x0000000800bc0000-0x0000000800bc0000), size 12320768, SharedBaseAddress: 0x0000000800000000, ArchiveRelocationMode: 0.
Compressed class space mapped at: 0x0000000800c00000-0x0000000840c00000, reserved size: 1073741824
Narrow klass base: 0x0000000800000000, Narrow klass shift: 0, Narrow klass range: 0x100000000

GC Precious Log:
 CPUs: 4 total, 4 available
 Memory: 8063M
 Large Page Support: Disabled
 NUMA Support: Disabled
 Compressed Oops: Enabled (32-bit)
 Heap Region Size: 1M
 Heap Min Capacity: 8M
 Heap Initial Capacity: 126M
 Heap Max Capacity: 2016M
 Pre-touch: Disabled
 Parallel Workers: 4
 Concurrent Workers: 1
 Concurrent Refinement Workers: 4
 Periodic GC: Disabled

Heap:
 garbage-first heap   total 129024K, used 32768K [0x0000000082000000, 0x0000000100000000)
  region size 1024K, 6 young (6144K), 6 survivors (6144K)
 Metaspace       used 20396K, committed 20672K, reserved 1073152K
  class space    used 2790K, committed 2944K, reserved 1048576K

Heap Regions: E=young(eden), S=young(survivor), O=old, HS=humongous(starts), HC=humongous(continues), CS=collection set, F=free, OA=open archive, CA=closed archive, TAMS=top-at-mark-start (previous, next)
|   0|0x0000000082000000, 0x0000000082100000, 0x0000000082100000|100%|HS|  |TAMS 0x0000000082000000, 0x0000000082000000| Complete 
|   1|0x0000000082100000, 0x0000000082200000, 0x0000000082200000|100%|HS|  |TAMS 0x0000000082100000, 0x0000000082100000| Complete 
|   2|0x0000000082200000, 0x0000000082300000, 0x0000000082300000|100%| O|  |TAMS 0x0000000082200000, 0x0000000082200000| Untracked 
|   3|0x0000000082300000, 0x0000000082400000, 0x0000000082400000|100%| O|  |TAMS 0x0000000082300000, 0x0000000082300000| Untracked 
|   4|0x0000000082400000, 0x0000000082500000, 0x0000000082500000|100%| O|  |TAMS 0x0000000082400000, 0x0000000082400000| Untracked 
|   5|0x0000000082500000, 0x0000000082600000, 0x0000000082600000|100%| O|  |TAMS 0x0000000082500000, 0x0000000082500000| Untracked 
|   6|0x0000000082600000, 0x0000000082700000, 0x0000000082700000|100%| O|  |TAMS 0x0000000082600000, 0x0000000082600000| Untracked 
|   7|0x0000000082700000, 0x0000000082800000, 0x0000000082800000|100%| O|  |TAMS 0x0000000082700000, 0x0000000082700000| Untracked 
|   8|0x0000000082800000, 0x0000000082900000, 0x0000000082900000|100%| O|  |TAMS 0x0000000082800000, 0x0000000082800000| Untracked 
|   9|0x0000000082900000, 0x0000000082a00000, 0x0000000082a00000|100%| O|  |TAMS 0x0000000082900000, 0x0000000082900000| Untracked 
|  10|0x0000000082a00000, 0x0000000082b00000, 0x0000000082b00000|100%| O|  |TAMS 0x0000000082a00000, 0x0000000082a00000| Untracked 
|  11|0x0000000082b00000, 0x0000000082c00000, 0x0000000082c00000|100%| O|  |TAMS 0x0000000082b00000, 0x0000000082b00000| Untracked 
|  12|0x0000000082c00000, 0x0000000082d00000, 0x0000000082d00000|100%| O|  |TAMS 0x0000000082c00000, 0x0000000082c00000| Untracked 
|  13|0x0000000082d00000, 0x0000000082e00000, 0x0000000082e00000|100%| O|  |TAMS 0x0000000082d00000, 0x0000000082d00000| Untracked 
|  14|0x0000000082e00000, 0x0000000082f00000, 0x0000000082f00000|100%| O|  |TAMS 0x0000000082e00000, 0x0000000082e00000| Untracked 
|  15|0x0000000082f00000, 0x0000000083000000, 0x0000000083000000|100%| O|  |TAMS 0x0000000082f00000, 0x0000000082f00000| Untracked 
|  16|0x0000000083000000, 0x0000000083100000, 0x0000000083100000|100%| O|  |TAMS 0x0000000083000000, 0x0000000083000000| Untracked 
|  17|0x0000000083100000, 0x0000000083200000, 0x0000000083200000|100%| O|  |TAMS 0x0000000083100000, 0x0000000083100000| Untracked 
|  18|0x0000000083200000, 0x0000000083300000, 0x0000000083300000|100%| O|  |TAMS 0x0000000083200000, 0x0000000083200000| Untracked 
|  19|0x0000000083300000, 0x0000000083400000, 0x0000000083400000|100%| O|  |TAMS 0x0000000083300000, 0x0000000083300000| Untracked 
|  20|0x0000000083400000, 0x0000000083500000, 0x0000000083500000|100%| O|  |TAMS 0x0000000083400000, 0x0000000083400000| Untracked 
|  21|0x0000000083500000, 0x0000000083600000, 0x0000000083600000|100%| O|  |TAMS 0x0000000083500000, 0x0000000083500000| Untracked 
|  22|0x0000000083600000, 0x0000000083700000, 0x0000000083700000|100%| O|  |TAMS 0x0000000083600000, 0x0000000083600000| Untracked 
|  23|0x0000000083700000, 0x0000000083800000, 0x0000000083800000|100%| O|  |TAMS 0x0000000083700000, 0x0000000083700000| Untracked 
|  24|0x0000000083800000, 0x0000000083900000, 0x0000000083900000|100%| O|  |TAMS 0x0000000083800000, 0x0000000083800000| Untracked 
|  25|0x0000000083900000, 0x0000000083a00000, 0x0000000083a00000|100%| O|  |TAMS 0x0000000083900000, 0x0000000083900000| Untracked 
|  26|0x0000000083a00000, 0x0000000083a00000, 0x0000000083b00000|  0%| F|  |TAMS 0x0000000083a00000, 0x0000000083a00000| Untracked 
|  27|0x0000000083b00000, 0x0000000083b00000, 0x0000000083c00000|  0%| F|  |TAMS 0x0000000083b00000, 0x0000000083b00000| Untracked 
|  28|0x0000000083c00000, 0x0000000083c00000, 0x0000000083d00000|  0%| F|  |TAMS 0x0000000083c00000, 0x0000000083c00000| Untracked 
|  29|0x0000000083d00000, 0x0000000083d00000, 0x0000000083e00000|  0%| F|  |TAMS 0x0000000083d00000, 0x0000000083d00000| Untracked 
|  30|0x0000000083e00000, 0x0000000083e00000, 0x0000000083f00000|  0%| F|  |TAMS 0x0000000083e00000, 0x0000000083e00000| Untracked 
|  31|0x0000000083f00000, 0x0000000083f00000, 0x0000000084000000|  0%| F|  |TAMS 0x0000000083f00000, 0x0000000083f00000| Untracked 
|  32|0x0000000084000000, 0x0000000084000000, 0x0000000084100000|  0%| F|  |TAMS 0x0000000084000000, 0x0000000084000000| Untracked 
|  33|0x0000000084100000, 0x0000000084100000, 0x0000000084200000|  0%| F|  |TAMS 0x0000000084100000, 0x0000000084100000| Untracked 
|  34|0x0000000084200000, 0x0000000084200000, 0x0000000084300000|  0%| F|  |TAMS 0x0000000084200000, 0x0000000084200000| Untracked 
|  35|0x0000000084300000, 0x0000000084300000, 0x0000000084400000|  0%| F|  |TAMS 0x0000000084300000, 0x0000000084300000| Untracked 
|  36|0x0000000084400000, 0x0000000084400000, 0x0000000084500000|  0%| F|  |TAMS 0x0000000084400000, 0x0000000084400000| Untracked 
|  37|0x0000000084500000, 0x0000000084500000, 0x0000000084600000|  0%| F|  |TAMS 0x0000000084500000, 0x0000000084500000| Untracked 
|  38|0x0000000084600000, 0x0000000084600000, 0x0000000084700000|  0%| F|  |TAMS 0x0000000084600000, 0x0000000084600000| Untracked 
|  39|0x0000000084700000, 0x0000000084700000, 0x0000000084800000|  0%| F|  |TAMS 0x0000000084700000, 0x0000000084700000| Untracked 
|  40|0x0000000084800000, 0x0000000084800000, 0x0000000084900000|  0%| F|  |TAMS 0x0000000084800000, 0x0000000084800000| Untracked 
|  41|0x0000000084900000, 0x0000000084900000, 0x0000000084a00000|  0%| F|  |TAMS 0x0000000084900000, 0x0000000084900000| Untracked 
|  42|0x0000000084a00000, 0x0000000084a00000, 0x0000000084b00000|  0%| F|  |TAMS 0x0000000084a00000, 0x0000000084a00000| Untracked 
|  43|0x0000000084b00000, 0x0000000084b00000, 0x0000000084c00000|  0%| F|  |TAMS 0x0000000084b00000, 0x0000000084b00000| Untracked 
|  44|0x0000000084c00000, 0x0000000084c00000, 0x0000000084d00000|  0%| F|  |TAMS 0x0000000084c00000, 0x0000000084c00000| Untracked 
|  45|0x0000000084d00000, 0x0000000084d00000, 0x0000000084e00000|  0%| F|  |TAMS 0x0000000084d00000, 0x0000000084d00000| Untracked 
|  46|0x0000000084e00000, 0x0000000084e00000, 0x0000000084f00000|  0%| F|  |TAMS 0x0000000084e00000, 0x0000000084e00000| Untracked 
|  47|0x0000000084f00000, 0x0000000084f00000, 0x0000000085000000|  0%| F|  |TAMS 0x0000000084f00000, 0x0000000084f00000| Untracked 
|  48|0x0000000085000000, 0x0000000085000000, 0x0000000085100000|  0%| F|  |TAMS 0x0000000085000000, 0x0000000085000000| Untracked 
|  49|0x0000000085100000, 0x0000000085100000, 0x0000000085200000|  0%| F|  |TAMS 0x0000000085100000, 0x0000000085100000| Untracked 
|  50|0x0000000085200000, 0x0000000085200000, 0x0000000085300000|  0%| F|  |TAMS 0x0000000085200000, 0x0000000085200000| Untracked 
|  51|0x0000000085300000, 0x0000000085300000, 0x0000000085400000|  0%| F|  |TAMS 0x0000000085300000, 0x0000000085300000| Untracked 
|  52|0x0000000085400000, 0x0000000085400000, 0x0000000085500000|  0%| F|  |TAMS 0x0000000085400000, 0x0000000085400000| Untracked 
|  53|0x0000000085500000, 0x0000000085500000, 0x0000000085600000|  0%| F|  |TAMS 0x0000000085500000, 0x0000000085500000| Untracked 
|  54|0x0000000085600000, 0x0000000085600000, 0x0000000085700000|  0%| F|  |TAMS 0x0000000085600000, 0x0000000085600000| Untracked 
|  55|0x0000000085700000, 0x0000000085700000, 0x0000000085800000|  0%| F|  |TAMS 0x0000000085700000, 0x0000000085700000| Untracked 
|  56|0x0000000085800000, 0x0000000085900000, 0x0000000085900000|100%| S|CS|TAMS 0x0000000085800000, 0x0000000085800000| Complete 
|  57|0x0000000085900000, 0x0000000085a00000, 0x0000000085a00000|100%| S|CS|TAMS 0x0000000085900000, 0x0000000085900000| Complete 
|  58|0x0000000085a00000, 0x0000000085b00000, 0x0000000085b00000|100%| S|CS|TAMS 0x0000000085a00000, 0x0000000085a00000| Complete 
|  59|0x0000000085b00000, 0x0000000085c00000, 0x0000000085c00000|100%| S|CS|TAMS 0x0000000085b00000, 0x0000000085b00000| Complete 
|  60|0x0000000085c00000, 0x0000000085c00000, 0x0000000085d00000|  0%| F|  |TAMS 0x0000000085c00000, 0x0000000085c00000| Untracked 
|  61|0x0000000085d00000, 0x0000000085d00000, 0x0000000085e00000|  0%| F|  |TAMS 0x0000000085d00000, 0x0000000085d00000| Untracked 
|  62|0x0000000085e00000, 0x0000000085e00000, 0x0000000085f00000|  0%| F|  |TAMS 0x0000000085e00000, 0x0000000085e00000| Untracked 
|  63|0x0000000085f00000, 0x0000000085f00000, 0x0000000086000000|  0%| F|  |TAMS 0x0000000085f00000, 0x0000000085f00000| Untracked 
|  64|0x0000000086000000, 0x0000000086000000, 0x0000000086100000|  0%| F|  |TAMS 0x0000000086000000, 0x0000000086000000| Untracked 
|  65|0x0000000086100000, 0x0000000086100000, 0x0000000086200000|  0%| F|  |TAMS 0x0000000086100000, 0x0000000086100000| Untracked 
|  66|0x0000000086200000, 0x0000000086200000, 0x0000000086300000|  0%| F|  |TAMS 0x0000000086200000, 0x0000000086200000| Untracked 
|  67|0x0000000086300000, 0x0000000086400000, 0x0000000086400000|100%| S|CS|TAMS 0x0000000086300000, 0x0000000086300000| Complete 
|  68|0x0000000086400000, 0x0000000086500000, 0x0000000086500000|100%| S|CS|TAMS 0x0000000086400000, 0x0000000086400000| Complete 
|  69|0x0000000086500000, 0x0000000086500000, 0x0000000086600000|  0%| F|  |TAMS 0x0000000086500000, 0x0000000086500000| Untracked 
|  70|0x0000000086600000, 0x0000000086600000, 0x0000000086700000|  0%| F|  |TAMS 0x0000000086600000, 0x0000000086600000| Untracked 
|  71|0x0000000086700000, 0x0000000086700000, 0x0000000086800000|  0%| F|  |TAMS 0x0000000086700000, 0x0000000086700000| Untracked 
|  72|0x0000000086800000, 0x0000000086800000, 0x0000000086900000|  0%| F|  |TAMS 0x0000000086800000, 0x0000000086800000| Untracked 
|  73|0x0000000086900000, 0x0000000086900000, 0x0000000086a00000|  0%| F|  |TAMS 0x0000000086900000, 0x0000000086900000| Untracked 
|  74|0x0000000086a00000, 0x0000000086a00000, 0x0000000086b00000|  0%| F|  |TAMS 0x0000000086a00000, 0x0000000086a00000| Untracked 
|  75|0x0000000086b00000, 0x0000000086b00000, 0x0000000086c00000|  0%| F|  |TAMS 0x0000000086b00000, 0x0000000086b00000| Untracked 
|  76|0x0000000086c00000, 0x0000000086c00000, 0x0000000086d00000|  0%| F|  |TAMS 0x0000000086c00000, 0x0000000086c00000| Untracked 
|  77|0x0000000086d00000, 0x0000000086d00000, 0x0000000086e00000|  0%| F|  |TAMS 0x0000000086d00000, 0x0000000086d00000| Untracked 
|  78|0x0000000086e00000, 0x0000000086e00000, 0x0000000086f00000|  0%| F|  |TAMS 0x0000000086e00000, 0x0000000086e00000| Untracked 
|  79|0x0000000086f00000, 0x0000000086f00000, 0x0000000087000000|  0%| F|  |TAMS 0x0000000086f00000, 0x0000000086f00000| Untracked 
|  80|0x0000000087000000, 0x0000000087000000, 0x0000000087100000|  0%| F|  |TAMS 0x0000000087000000, 0x0000000087000000| Untracked 
|  81|0x0000000087100000, 0x0000000087100000, 0x0000000087200000|  0%| F|  |TAMS 0x0000000087100000, 0x0000000087100000| Untracked 
|  82|0x0000000087200000, 0x0000000087200000, 0x0000000087300000|  0%| F|  |TAMS 0x0000000087200000, 0x0000000087200000| Untracked 
|  83|0x0000000087300000, 0x0000000087300000, 0x0000000087400000|  0%| F|  |TAMS 0x0000000087300000, 0x0000000087300000| Untracked 
|  84|0x0000000087400000, 0x0000000087400000, 0x0000000087500000|  0%| F|  |TAMS 0x0000000087400000, 0x0000000087400000| Untracked 
|  85|0x0000000087500000, 0x0000000087500000, 0x0000000087600000|  0%| F|  |TAMS 0x0000000087500000, 0x0000000087500000| Untracked 
|  86|0x0000000087600000, 0x0000000087600000, 0x0000000087700000|  0%| F|  |TAMS 0x0000000087600000, 0x0000000087600000| Untracked 
|  87|0x0000000087700000, 0x0000000087700000, 0x0000000087800000|  0%| F|  |TAMS 0x0000000087700000, 0x0000000087700000| Untracked 
|  88|0x0000000087800000, 0x0000000087800000, 0x0000000087900000|  0%| F|  |TAMS 0x0000000087800000, 0x0000000087800000| Untracked 
|  89|0x0000000087900000, 0x0000000087900000, 0x0000000087a00000|  0%| F|  |TAMS 0x0000000087900000, 0x0000000087900000| Untracked 
|  90|0x0000000087a00000, 0x0000000087a00000, 0x0000000087b00000|  0%| F|  |TAMS 0x0000000087a00000, 0x0000000087a00000| Untracked 
|  91|0x0000000087b00000, 0x0000000087b00000, 0x0000000087c00000|  0%| F|  |TAMS 0x0000000087b00000, 0x0000000087b00000| Untracked 
|  92|0x0000000087c00000, 0x0000000087c00000, 0x0000000087d00000|  0%| F|  |TAMS 0x0000000087c00000, 0x0000000087c00000| Untracked 
|  93|0x0000000087d00000, 0x0000000087d00000, 0x0000000087e00000|  0%| F|  |TAMS 0x0000000087d00000, 0x0000000087d00000| Untracked 
|  94|0x0000000087e00000, 0x0000000087e00000, 0x0000000087f00000|  0%| F|  |TAMS 0x0000000087e00000, 0x0000000087e00000| Untracked 
|  95|0x0000000087f00000, 0x0000000087f00000, 0x0000000088000000|  0%| F|  |TAMS 0x0000000087f00000, 0x0000000087f00000| Untracked 
|  96|0x0000000088000000, 0x0000000088000000, 0x0000000088100000|  0%| F|  |TAMS 0x0000000088000000, 0x0000000088000000| Untracked 
|  97|0x0000000088100000, 0x0000000088100000, 0x0000000088200000|  0%| F|  |TAMS 0x0000000088100000, 0x0000000088100000| Untracked 
|  98|0x0000000088200000, 0x0000000088200000, 0x0000000088300000|  0%| F|  |TAMS 0x0000000088200000, 0x0000000088200000| Untracked 
|  99|0x0000000088300000, 0x0000000088300000, 0x0000000088400000|  0%| F|  |TAMS 0x0000000088300000, 0x0000000088300000| Untracked 
| 100|0x0000000088400000, 0x0000000088400000, 0x0000000088500000|  0%| F|  |TAMS 0x0000000088400000, 0x0000000088400000| Untracked 
| 101|0x0000000088500000, 0x0000000088500000, 0x0000000088600000|  0%| F|  |TAMS 0x0000000088500000, 0x0000000088500000| Untracked 
| 102|0x0000000088600000, 0x0000000088600000, 0x0000000088700000|  0%| F|  |TAMS 0x0000000088600000, 0x0000000088600000| Untracked 
| 103|0x0000000088700000, 0x0000000088700000, 0x0000000088800000|  0%| F|  |TAMS 0x0000000088700000, 0x0000000088700000| Untracked 
| 104|0x0000000088800000, 0x0000000088800000, 0x0000000088900000|  0%| F|  |TAMS 0x0000000088800000, 0x0000000088800000| Untracked 
| 105|0x0000000088900000, 0x0000000088900000, 0x0000000088a00000|  0%| F|  |TAMS 0x0000000088900000, 0x0000000088900000| Untracked 
| 106|0x0000000088a00000, 0x0000000088a00000, 0x0000000088b00000|  0%| F|  |TAMS 0x0000000088a00000, 0x0000000088a00000| Untracked 
| 107|0x0000000088b00000, 0x0000000088b00000, 0x0000000088c00000|  0%| F|  |TAMS 0x0000000088b00000, 0x0000000088b00000| Untracked 
| 108|0x0000000088c00000, 0x0000000088c00000, 0x0000000088d00000|  0%| F|  |TAMS 0x0000000088c00000, 0x0000000088c00000| Untracked 
| 109|0x0000000088d00000, 0x0000000088d00000, 0x0000000088e00000|  0%| F|  |TAMS 0x0000000088d00000, 0x0000000088d00000| Untracked 
| 110|0x0000000088e00000, 0x0000000088e00000, 0x0000000088f00000|  0%| F|  |TAMS 0x0000000088e00000, 0x0000000088e00000| Untracked 
| 111|0x0000000088f00000, 0x0000000088f00000, 0x0000000089000000|  0%| F|  |TAMS 0x0000000088f00000, 0x0000000088f00000| Untracked 
| 112|0x0000000089000000, 0x0000000089000000, 0x0000000089100000|  0%| F|  |TAMS 0x0000000089000000, 0x0000000089000000| Untracked 
| 113|0x0000000089100000, 0x0000000089100000, 0x0000000089200000|  0%| F|  |TAMS 0x0000000089100000, 0x0000000089100000| Untracked 
| 114|0x0000000089200000, 0x0000000089200000, 0x0000000089300000|  0%| F|  |TAMS 0x0000000089200000, 0x0000000089200000| Untracked 
| 115|0x0000000089300000, 0x0000000089300000, 0x0000000089400000|  0%| F|  |TAMS 0x0000000089300000, 0x0000000089300000| Untracked 
| 116|0x0000000089400000, 0x0000000089400000, 0x0000000089500000|  0%| F|  |TAMS 0x0000000089400000, 0x0000000089400000| Untracked 
| 117|0x0000000089500000, 0x0000000089500000, 0x0000000089600000|  0%| F|  |TAMS 0x0000000089500000, 0x0000000089500000| Untracked 
| 118|0x0000000089600000, 0x0000000089600000, 0x0000000089700000|  0%| F|  |TAMS 0x0000000089600000, 0x0000000089600000| Untracked 
| 119|0x0000000089700000, 0x0000000089700000, 0x0000000089800000|  0%| F|  |TAMS 0x0000000089700000, 0x0000000089700000| Untracked 
| 120|0x0000000089800000, 0x0000000089800000, 0x0000000089900000|  0%| F|  |TAMS 0x0000000089800000, 0x0000000089800000| Untracked 
| 121|0x0000000089900000, 0x0000000089900000, 0x0000000089a00000|  0%| F|  |TAMS 0x0000000089900000, 0x0000000089900000| Untracked 
| 122|0x0000000089a00000, 0x0000000089a00000, 0x0000000089b00000|  0%| F|  |TAMS 0x0000000089a00000, 0x0000000089a00000| Untracked 
| 123|0x0000000089b00000, 0x0000000089b00000, 0x0000000089c00000|  0%| F|  |TAMS 0x0000000089b00000, 0x0000000089b00000| Untracked 
| 124|0x0000000089c00000, 0x0000000089c00000, 0x0000000089d00000|  0%| F|  |TAMS 0x0000000089c00000, 0x0000000089c00000| Untracked 
| 125|0x0000000089d00000, 0x0000000089d00000, 0x0000000089e00000|  0%| F|  |TAMS 0x0000000089d00000, 0x0000000089d00000| Untracked 

Card table byte_map: [0x00000256e3db0000,0x00000256e41a0000] _byte_map_base: 0x00000256e39a0000

Marking Bits (Prev, Next): (CMBitMap*) 0x00000256d9203280, (CMBitMap*) 0x00000256d92032c0
 Prev Bits: [0x00000256e4590000, 0x00000256e6510000)
 Next Bits: [0x00000256e6510000, 0x00000256e8490000)

Polling page: 0x00000256d7110000

Metaspace:

Usage:
  Non-class:     17.19 MB used.
      Class:      2.73 MB used.
       Both:     19.92 MB used.

Virtual space:
  Non-class space:       24.00 MB reserved,      17.31 MB ( 72%) committed,  3 nodes.
      Class space:        1.00 GB reserved,       2.88 MB ( <1%) committed,  1 nodes.
             Both:        1.02 GB reserved,      20.19 MB (  2%) committed. 

Chunk freelists:
   Non-Class:  1.83 MB
       Class:  1.05 MB
        Both:  2.87 MB

MaxMetaspaceSize: unlimited
CompressedClassSpaceSize: 1.00 GB
Initial GC threshold: 21.00 MB
Current GC threshold: 21.00 MB
CDS: on
MetaspaceReclaimPolicy: balanced
 - commit_granule_bytes: 65536.
 - commit_granule_words: 8192.
 - virtual_space_node_default_size: 1048576.
 - enlarge_chunks_in_place: 1.
 - new_chunks_are_fully_committed: 0.
 - uncommit_free_chunks: 1.
 - use_allocation_guard: 0.
 - handle_deallocations: 1.


Internal statistics:

num_allocs_failed_limit: 0.
num_arena_births: 214.
num_arena_deaths: 0.
num_vsnodes_births: 4.
num_vsnodes_deaths: 0.
num_space_committed: 323.
num_space_uncommitted: 0.
num_chunks_returned_to_freelist: 0.
num_chunks_taken_from_freelist: 922.
num_chunk_merges: 0.
num_chunk_splits: 668.
num_chunks_enlarged: 543.
num_purges: 0.
num_inconsistent_stats: 0.

CodeCache: size=49152Kb used=6865Kb max_used=6865Kb free=42286Kb
 bounds [0x00000256e09c0000, 0x00000256e1080000, 0x00000256e39c0000]
 total_blobs=3430 nmethods=2973 adapters=382
 compilation: enabled
              stopped_count=0, restarted_count=0
 full_count=0

Compilation events (20 events):
Event: 2.688 Thread 0x00000256eb16f900 2964       1       org.springframework.beans.factory.support.GenericBeanDefinition::<init> (5 bytes)
Event: 2.688 Thread 0x00000256eb16f900 nmethod 2964 0x00000256e1071e10 code [0x00000256e1071fa0, 0x00000256e1072088]
Event: 2.689 Thread 0x00000256eb16f900 2965       1       org.springframework.context.annotation.ConditionEvaluator::shouldSkip (7 bytes)
Event: 2.689 Thread 0x00000256eb16f900 nmethod 2965 0x00000256e1072110 code [0x00000256e10722a0, 0x00000256e1072388]
Event: 2.689 Thread 0x00000256eb16f900 2966       1       org.springframework.context.annotation.ClassPathScanningCandidateComponentProvider::isConditionMatch (52 bytes)
Event: 2.689 Thread 0x00000256ea702ba0 2967       1       org.springframework.context.annotation.ScannedGenericBeanDefinition::<init> (44 bytes)
Event: 2.689 Thread 0x00000256eb179e50 2968       1       org.springframework.context.annotation.ClassPathScanningCandidateComponentProvider::isCandidateComponent (54 bytes)
Event: 2.689 Thread 0x00000256eb179e50 nmethod 2968 0x00000256e1072410 code [0x00000256e1072600, 0x00000256e1072818]
Event: 2.689 Thread 0x00000256eb179e50 2969       1       org.springframework.core.type.classreading.SimpleAnnotationMetadata::isIndependent (20 bytes)
Event: 2.690 Thread 0x00000256eb16f900 nmethod 2966 0x00000256e1072990 code [0x00000256e1072b60, 0x00000256e1072ec8]
Event: 2.690 Thread 0x00000256ea702ba0 nmethod 2967 0x00000256e1073090 code [0x00000256e1073260, 0x00000256e10735e8]
Event: 2.690 Thread 0x00000256eb16f900 2970       1       org.springframework.core.type.ClassMetadata::isConcrete (24 bytes)
Event: 2.690 Thread 0x00000256ea702ba0 2971       1       org.springframework.core.type.classreading.SimpleAnnotationMetadata::isAbstract (17 bytes)
Event: 2.690 Thread 0x00000256eb179e50 nmethod 2969 0x00000256e1073790 code [0x00000256e1073920, 0x00000256e1073a18]
Event: 2.690 Thread 0x00000256ea702ba0 nmethod 2971 0x00000256e1073a90 code [0x00000256e1073c20, 0x00000256e1073cf8]
Event: 2.690 Thread 0x00000256eb16f900 nmethod 2970 0x00000256e1073d90 code [0x00000256e1073f40, 0x00000256e1074078]
Event: 2.713 Thread 0x00000256eb179e50 2972       1       java.lang.invoke.MethodType::methodType (7 bytes)
Event: 2.713 Thread 0x00000256eb179e50 nmethod 2972 0x00000256e1074110 code [0x00000256e10742a0, 0x00000256e1074368]
Event: 2.759 Thread 0x00000256eb179e50 2973       1       org.springframework.core.annotation.AnnotationTypeMapping::access$100 (4 bytes)
Event: 2.759 Thread 0x00000256eb179e50 nmethod 2973 0x00000256e1074410 code [0x00000256e10745a0, 0x00000256e1074658]

GC Heap History (11 events):
Event: 0.077 GC heap before
{Heap before GC invocations=0 (full 0):
 garbage-first heap   total 129024K, used 12288K [0x0000000082000000, 0x0000000100000000)
  region size 1024K, 13 young (13312K), 0 survivors (0K)
 Metaspace       used 112K, committed 192K, reserved 1056768K
  class space    used 7K, committed 64K, reserved 1048576K
}
Event: 0.079 GC heap after
{Heap after GC invocations=1 (full 0):
 garbage-first heap   total 129024K, used 698K [0x0000000082000000, 0x0000000100000000)
  region size 1024K, 1 young (1024K), 1 survivors (1024K)
 Metaspace       used 112K, committed 192K, reserved 1056768K
  class space    used 7K, committed 64K, reserved 1048576K
}
Event: 0.086 GC heap before
{Heap before GC invocations=1 (full 0):
 garbage-first heap   total 129024K, used 20154K [0x0000000082000000, 0x0000000100000000)
  region size 1024K, 21 young (21504K), 1 survivors (1024K)
 Metaspace       used 112K, committed 192K, reserved 1056768K
  class space    used 7K, committed 64K, reserved 1048576K
}
Event: 0.087 GC heap after
{Heap after GC invocations=2 (full 0):
 garbage-first heap   total 129024K, used 698K [0x0000000082000000, 0x0000000100000000)
  region size 1024K, 1 young (1024K), 1 survivors (1024K)
 Metaspace       used 112K, committed 192K, reserved 1056768K
  class space    used 7K, committed 64K, reserved 1048576K
}
Event: 1.302 GC heap before
{Heap before GC invocations=2 (full 0):
 garbage-first heap   total 129024K, used 77498K [0x0000000082000000, 0x0000000100000000)
  region size 1024K, 75 young (76800K), 1 survivors (1024K)
 Metaspace       used 10990K, committed 11200K, reserved 1064960K
  class space    used 1564K, committed 1664K, reserved 1048576K
}
Event: 1.312 GC heap after
{Heap after GC invocations=3 (full 0):
 garbage-first heap   total 129024K, used 23067K [0x0000000082000000, 0x0000000100000000)
  region size 1024K, 10 young (10240K), 10 survivors (10240K)
 Metaspace       used 10990K, committed 11200K, reserved 1064960K
  class space    used 1564K, committed 1664K, reserved 1048576K
}
Event: 1.913 GC heap before
{Heap before GC invocations=3 (full 0):
 garbage-first heap   total 129024K, used 75291K [0x0000000082000000, 0x0000000100000000)
  region size 1024K, 61 young (62464K), 10 survivors (10240K)
 Metaspace       used 19972K, committed 20224K, reserved 1073152K
  class space    used 2704K, committed 2816K, reserved 1048576K
}
Event: 1.924 GC heap after
{Heap after GC invocations=4 (full 0):
 garbage-first heap   total 129024K, used 26877K [0x0000000082000000, 0x0000000100000000)
  region size 1024K, 4 young (4096K), 4 survivors (4096K)
 Metaspace       used 19972K, committed 20224K, reserved 1073152K
  class space    used 2704K, committed 2816K, reserved 1048576K
}
Event: 2.419 GC heap before
{Heap before GC invocations=4 (full 0):
 garbage-first heap   total 129024K, used 82173K [0x0000000082000000, 0x0000000100000000)
  region size 1024K, 59 young (60416K), 4 survivors (4096K)
 Metaspace       used 20367K, committed 20672K, reserved 1073152K
  class space    used 2783K, committed 2944K, reserved 1048576K
}
Event: 2.426 GC heap after
{Heap after GC invocations=5 (full 0):
 garbage-first heap   total 129024K, used 30168K [0x0000000082000000, 0x0000000100000000)
  region size 1024K, 7 young (7168K), 7 survivors (7168K)
 Metaspace       used 20367K, committed 20672K, reserved 1073152K
  class space    used 2783K, committed 2944K, reserved 1048576K
}
Event: 2.904 GC heap before
{Heap before GC invocations=5 (full 0):
 garbage-first heap   total 129024K, used 88536K [0x0000000082000000, 0x0000000100000000)
  region size 1024K, 64 young (65536K), 7 survivors (7168K)
 Metaspace       used 20396K, committed 20672K, reserved 1073152K
  class space    used 2790K, committed 2944K, reserved 1048576K
}

Deoptimization events (6 events):
Event: 0.276 Thread 0x00000256d91c3380 DEOPT PACKING pc=0x00000256e0c527ad sp=0x000000cae39fc710
Event: 0.276 Thread 0x00000256d91c3380 DEOPT UNPACKING pc=0x00000256e0a12b43 sp=0x000000cae39fbc70 mode 3
Event: 0.590 Thread 0x00000256d91c3380 DEOPT PACKING pc=0x00000256e0d42775 sp=0x000000cae39fd340
Event: 0.590 Thread 0x00000256d91c3380 DEOPT UNPACKING pc=0x00000256e0a12b43 sp=0x000000cae39fc7b0 mode 3
Event: 1.473 Thread 0x00000256d91c3380 DEOPT PACKING pc=0x00000256e0ef4999 sp=0x000000cae39fd320
Event: 1.473 Thread 0x00000256d91c3380 DEOPT UNPACKING pc=0x00000256e0a12b43 sp=0x000000cae39fc800 mode 3

Classes unloaded (0 events):
No events

Classes redefined (0 events):
No events

Internal exceptions (20 events):
Event: 1.561 Thread 0x00000256d91c3380 Exception <a 'java/lang/ClassNotFoundException'{0x00000000885242c8}: org/springframework/context/annotation/ConfigurationClassPostProcessorCustomizer> (0x00000000885242c8) 
thrown [t:\workspace\open\src\hotspot\share\classfile\systemDictionary.cpp, line 256]
Event: 1.564 Thread 0x00000256d91c3380 Exception <a 'java/lang/ClassNotFoundException'{0x000000008854af18}: org/springframework/beans/factory/support/BeanDefinitionRegistryPostProcessorCustomizer> (0x000000008854af18) 
thrown [t:\workspace\open\src\hotspot\share\classfile\systemDictionary.cpp, line 256]
Event: 1.565 Thread 0x00000256d91c3380 Exception <a 'java/lang/ClassNotFoundException'{0x0000000088556dc8}: org/springframework/beans/factory/config/BeanFactoryPostProcessorCustomizer> (0x0000000088556dc8) 
thrown [t:\workspace\open\src\hotspot\share\classfile\systemDictionary.cpp, line 256]
Event: 1.567 Thread 0x00000256d91c3380 Exception <a 'java/lang/ClassNotFoundException'{0x00000000885620c0}: org/springframework/core/PriorityOrderedCustomizer> (0x00000000885620c0) 
thrown [t:\workspace\open\src\hotspot\share\classfile\systemDictionary.cpp, line 256]
Event: 1.568 Thread 0x00000256d91c3380 Exception <a 'java/lang/ClassNotFoundException'{0x000000008856bd30}: org/springframework/core/OrderedCustomizer> (0x000000008856bd30) 
thrown [t:\workspace\open\src\hotspot\share\classfile\systemDictionary.cpp, line 256]
Event: 1.569 Thread 0x00000256d91c3380 Exception <a 'java/lang/ClassNotFoundException'{0x0000000088577168}: org/springframework/context/ResourceLoaderAwareCustomizer> (0x0000000088577168) 
thrown [t:\workspace\open\src\hotspot\share\classfile\systemDictionary.cpp, line 256]
Event: 1.570 Thread 0x00000256d91c3380 Exception <a 'java/lang/ClassNotFoundException'{0x00000000884478b8}: org/springframework/beans/factory/AwareCustomizer> (0x00000000884478b8) 
thrown [t:\workspace\open\src\hotspot\share\classfile\systemDictionary.cpp, line 256]
Event: 1.571 Thread 0x00000256d91c3380 Exception <a 'java/lang/ClassNotFoundException'{0x0000000088451fe0}: org/springframework/context/ApplicationStartupAwareCustomizer> (0x0000000088451fe0) 
thrown [t:\workspace\open\src\hotspot\share\classfile\systemDictionary.cpp, line 256]
Event: 1.572 Thread 0x00000256d91c3380 Exception <a 'java/lang/ClassNotFoundException'{0x000000008845d5c8}: org/springframework/beans/factory/AwareCustomizer> (0x000000008845d5c8) 
thrown [t:\workspace\open\src\hotspot\share\classfile\systemDictionary.cpp, line 256]
Event: 1.573 Thread 0x00000256d91c3380 Exception <a 'java/lang/ClassNotFoundException'{0x0000000088467eb8}: org/springframework/beans/factory/BeanClassLoaderAwareCustomizer> (0x0000000088467eb8) 
thrown [t:\workspace\open\src\hotspot\share\classfile\systemDictionary.cpp, line 256]
Event: 1.574 Thread 0x00000256d91c3380 Exception <a 'java/lang/ClassNotFoundException'{0x0000000088473200}: org/springframework/beans/factory/AwareCustomizer> (0x0000000088473200) 
thrown [t:\workspace\open\src\hotspot\share\classfile\systemDictionary.cpp, line 256]
Event: 1.575 Thread 0x00000256d91c3380 Exception <a 'java/lang/ClassNotFoundException'{0x000000008847d430}: org/springframework/context/EnvironmentAwareCustomizer> (0x000000008847d430) 
thrown [t:\workspace\open\src\hotspot\share\classfile\systemDictionary.cpp, line 256]
Event: 1.577 Thread 0x00000256d91c3380 Exception <a 'java/lang/ClassNotFoundException'{0x0000000088488710}: org/springframework/beans/factory/AwareCustomizer> (0x0000000088488710) 
thrown [t:\workspace\open\src\hotspot\share\classfile\systemDictionary.cpp, line 256]
Event: 1.774 Thread 0x00000256ea700330 Exception <a 'java/lang/NoSuchMethodError'{0x00000000873840b8}: 'long java.lang.invoke.DirectMethodHandle$Holder.invokeSpecial(java.lang.Object, java.lang.Object)'> (0x00000000873840b8) 
thrown [t:\workspace\open\src\hotspot\share\interpreter\linkResolver.cpp, line 766]
Event: 1.775 Thread 0x00000256ea700330 Exception <a 'java/lang/NoSuchMethodError'{0x000000008720aeb8}: 'long java.lang.invoke.DirectMethodHandle$Holder.invokeStatic(java.lang.Object, java.lang.Object)'> (0x000000008720aeb8) 
thrown [t:\workspace\open\src\hotspot\share\interpreter\linkResolver.cpp, line 766]
Event: 1.776 Thread 0x00000256ea700330 Exception <a 'java/lang/NoSuchMethodError'{0x000000008720e4b8}: 'long java.lang.invoke.DirectMethodHandle$Holder.invokeStaticInit(java.lang.Object, java.lang.Object)'> (0x000000008720e4b8) 
thrown [t:\workspace\open\src\hotspot\share\interpreter\linkResolver.cpp, line 766]
Event: 1.777 Thread 0x00000256ea700330 Exception <a 'java/lang/NoSuchMethodError'{0x000000008721c060}: 'long java.lang.invoke.DirectMethodHandle$Holder.invokeInterface(java.lang.Object, java.lang.Object)'> (0x000000008721c060) 
thrown [t:\workspace\open\src\hotspot\share\interpreter\linkResolver.cpp, line 766]
Event: 1.779 Thread 0x00000256ea700330 Exception <a 'java/lang/IncompatibleClassChangeError'{0x000000008721f5f0}: Found class java.lang.Object, but interface was expected> (0x000000008721f5f0) 
thrown [t:\workspace\open\src\hotspot\share\interpreter\linkResolver.cpp, line 833]
Event: 1.797 Thread 0x00000256ea700330 Exception <a 'java/lang/NoSuchMethodError'{0x00000000871ac090}: 'java.lang.Object java.lang.invoke.DirectMethodHandle$Holder.invokeVirtual(java.lang.Object, java.lang.Object, java.lang.Object, java.lang.Object)'> (0x00000000871ac090) 
thrown [t:\workspace\open\src\hotspot\share\interpreter\linkResolver.cpp, line 766]
Event: 1.931 Thread 0x00000256d91c3380 Exception <a 'java/lang/NoSuchMethodError'{0x0000000089d465f8}: 'void java.lang.invoke.DirectMethodHandle$Holder.invokeInterface(java.lang.Object, java.lang.Object, java.lang.Object, java.lang.Object)'> (0x0000000089d465f8) 
thrown [t:\workspace\open\src\hotspot\share\interpreter\linkResolver.cpp, line 766]

VM Operations (20 events):
Event: 0.954 Executing VM operation: ICBufferFull done
Event: 1.230 Executing VM operation: HandshakeAllThreads
Event: 1.230 Executing VM operation: HandshakeAllThreads done
Event: 1.239 Executing VM operation: HandshakeAllThreads
Event: 1.239 Executing VM operation: HandshakeAllThreads done
Event: 1.302 Executing VM operation: G1CollectForAllocation
Event: 1.312 Executing VM operation: G1CollectForAllocation done
Event: 1.395 Executing VM operation: HandshakeAllThreads
Event: 1.395 Executing VM operation: HandshakeAllThreads done
Event: 1.525 Executing VM operation: HandshakeAllThreads
Event: 1.525 Executing VM operation: HandshakeAllThreads done
Event: 1.592 Executing VM operation: HandshakeAllThreads
Event: 1.592 Executing VM operation: HandshakeAllThreads done
Event: 1.909 Executing VM operation: ICBufferFull
Event: 1.909 Executing VM operation: ICBufferFull done
Event: 1.913 Executing VM operation: G1CollectForAllocation
Event: 1.924 Executing VM operation: G1CollectForAllocation done
Event: 2.419 Executing VM operation: G1CollectForAllocation
Event: 2.426 Executing VM operation: G1CollectForAllocation done
Event: 2.904 Executing VM operation: G1CollectForAllocation

Events (20 events):
Event: 1.590 loading class java/net/SocketException done
Event: 1.604 loading class java/util/regex/Pattern$LazyLoop
Event: 1.604 loading class java/util/regex/Pattern$Loop
Event: 1.604 loading class java/util/regex/Pattern$Loop done
Event: 1.604 loading class java/util/regex/Pattern$LazyLoop done
Event: 1.604 loading class java/util/regex/Pattern$Prolog
Event: 1.604 loading class java/util/regex/Pattern$Prolog done
Event: 1.604 loading class java/io/CharArrayReader
Event: 1.604 loading class java/io/CharArrayReader done
Event: 1.612 loading class java/util/concurrent/atomic/AtomicReference
Event: 1.613 loading class java/util/concurrent/atomic/AtomicReference done
Event: 1.709 Thread 0x00000256ea700800 Thread added: 0x00000256ea700800
Event: 1.760 loading class javax/naming/ldap/LdapContext
Event: 1.760 loading class javax/naming/directory/DirContext
Event: 1.761 loading class javax/naming/directory/DirContext done
Event: 1.761 loading class javax/naming/ldap/LdapContext done
Event: 1.805 Thread 0x00000256ea700800 Thread exited: 0x00000256ea700800
Event: 1.812 Thread 0x00000256ea700330 Thread exited: 0x00000256ea700330
Event: 1.998 loading class java/net/HttpURLConnection
Event: 1.998 loading class java/net/HttpURLConnection done


Dynamic libraries:
0x00007ff6e8080000 - 0x00007ff6e808e000 	C:\Users\mikhail.strepetov\.jdks\openjdk-17.0.1\bin\java.exe
0x00007ff806ff0000 - 0x00007ff8071e5000 	C:\WINDOWS\SYSTEM32\ntdll.dll
0x00007fffe3390000 - 0x00007fffe33a6000 	C:\Program Files\AVAST Software\Avast\aswhook.dll
0x00007ff805200000 - 0x00007ff8052be000 	C:\WINDOWS\System32\KERNEL32.DLL
0x00007ff8048c0000 - 0x00007ff804b88000 	C:\WINDOWS\System32\KERNELBASE.dll
0x00007ff804f40000 - 0x00007ff805040000 	C:\WINDOWS\System32\ucrtbase.dll
0x00007ffffbf90000 - 0x00007ffffbfa8000 	C:\Users\mikhail.strepetov\.jdks\openjdk-17.0.1\bin\jli.dll
0x00007ff806df0000 - 0x00007ff806f91000 	C:\WINDOWS\System32\USER32.dll
0x00007ff804c60000 - 0x00007ff804c82000 	C:\WINDOWS\System32\win32u.dll
0x00007ff8052c0000 - 0x00007ff8052eb000 	C:\WINDOWS\System32\GDI32.dll
0x00007ff804cf0000 - 0x00007ff804dfb000 	C:\WINDOWS\System32\gdi32full.dll
0x00007ff804bc0000 - 0x00007ff804c5d000 	C:\WINDOWS\System32\msvcp_win.dll
0x00007ffff0410000 - 0x00007ffff042a000 	C:\Users\mikhail.strepetov\.jdks\openjdk-17.0.1\bin\VCRUNTIME140.dll
0x00007fffefbe0000 - 0x00007fffefe7a000 	C:\WINDOWS\WinSxS\amd64_microsoft.windows.common-controls_6595b64144ccf1df_6.0.19041.1110_none_60b5254171f9507e\COMCTL32.dll
0x00007ff806440000 - 0x00007ff8064de000 	C:\WINDOWS\System32\msvcrt.dll
0x00007ff8065c0000 - 0x00007ff8065f0000 	C:\WINDOWS\System32\IMM32.DLL
0x00007ff800220000 - 0x00007ff80022c000 	C:\Users\mikhail.strepetov\.jdks\openjdk-17.0.1\bin\vcruntime140_1.dll
0x00007fffef2d0000 - 0x00007fffef35d000 	C:\Users\mikhail.strepetov\.jdks\openjdk-17.0.1\bin\msvcp140.dll
0x00007fffd0570000 - 0x00007fffd112e000 	C:\Users\mikhail.strepetov\.jdks\openjdk-17.0.1\bin\server\jvm.dll
0x00007ff805150000 - 0x00007ff8051fc000 	C:\WINDOWS\System32\ADVAPI32.dll
0x00007ff8066a0000 - 0x00007ff80673b000 	C:\WINDOWS\System32\sechost.dll
0x00007ff805350000 - 0x00007ff80547a000 	C:\WINDOWS\System32\RPCRT4.dll
0x00007ff806b10000 - 0x00007ff806b18000 	C:\WINDOWS\System32\PSAPI.DLL
0x00007fffe13b0000 - 0x00007fffe13d7000 	C:\WINDOWS\SYSTEM32\WINMM.dll
0x00007ffff5610000 - 0x00007ffff5619000 	C:\WINDOWS\SYSTEM32\WSOCK32.dll
0x00007ffffe1e0000 - 0x00007ffffe1ea000 	C:\WINDOWS\SYSTEM32\VERSION.dll
0x00007ff806b20000 - 0x00007ff806b8b000 	C:\WINDOWS\System32\WS2_32.dll
0x00007ff802fb0000 - 0x00007ff802fc2000 	C:\WINDOWS\SYSTEM32\kernel.appcore.dll
0x00007fffffa10000 - 0x00007fffffa1a000 	C:\Users\mikhail.strepetov\.jdks\openjdk-17.0.1\bin\jimage.dll
0x00007ffffd770000 - 0x00007ffffd954000 	C:\WINDOWS\SYSTEM32\DBGHELP.DLL
0x00007ffffd740000 - 0x00007ffffd76c000 	C:\WINDOWS\SYSTEM32\dbgcore.DLL
0x00007ff804e00000 - 0x00007ff804e83000 	C:\WINDOWS\System32\bcryptPrimitives.dll
0x00007fffef2a0000 - 0x00007fffef2c5000 	C:\Users\mikhail.strepetov\.jdks\openjdk-17.0.1\bin\java.dll
0x00007fffe80c0000 - 0x00007fffe8196000 	C:\Users\mikhail.strepetov\.jdks\openjdk-17.0.1\bin\svml.dll
0x00007ff805980000 - 0x00007ff8060bf000 	C:\WINDOWS\System32\SHELL32.dll
0x00007ff8027f0000 - 0x00007ff802f80000 	C:\WINDOWS\SYSTEM32\windows.storage.dll
0x00007ff8060c0000 - 0x00007ff806415000 	C:\WINDOWS\System32\combase.dll
0x00007ff804090000 - 0x00007ff8040be000 	C:\WINDOWS\SYSTEM32\Wldp.dll
0x00007ff8050a0000 - 0x00007ff80514d000 	C:\WINDOWS\System32\SHCORE.dll
0x00007ff805040000 - 0x00007ff805095000 	C:\WINDOWS\System32\shlwapi.dll
0x00007ff804650000 - 0x00007ff80466f000 	C:\WINDOWS\SYSTEM32\profapi.dll
0x00007fffef240000 - 0x00007fffef259000 	C:\Users\mikhail.strepetov\.jdks\openjdk-17.0.1\bin\net.dll
0x00007ffffab90000 - 0x00007ffffac9c000 	C:\WINDOWS\SYSTEM32\WINHTTP.dll
0x00007ff803df0000 - 0x00007ff803e5a000 	C:\WINDOWS\system32\mswsock.dll
0x00007fffef220000 - 0x00007fffef235000 	C:\Users\mikhail.strepetov\.jdks\openjdk-17.0.1\bin\nio.dll
0x00007fffef200000 - 0x00007fffef218000 	C:\Users\mikhail.strepetov\.jdks\openjdk-17.0.1\bin\zip.dll
0x00007ffffbed0000 - 0x00007ffffbee0000 	C:\Users\mikhail.strepetov\.jdks\openjdk-17.0.1\bin\verify.dll
0x00007ffff19c0000 - 0x00007ffff19c9000 	C:\Users\mikhail.strepetov\.jdks\openjdk-17.0.1\bin\management.dll
0x00007fffef1f0000 - 0x00007fffef1fb000 	C:\Users\mikhail.strepetov\.jdks\openjdk-17.0.1\bin\management_ext.dll
0x00007fffedc10000 - 0x00007fffedc27000 	C:\WINDOWS\system32\napinsp.dll
0x00007fffedbc0000 - 0x00007fffedbdb000 	C:\WINDOWS\system32\pnrpnsp.dll
0x00007fffecf20000 - 0x00007fffecf35000 	C:\WINDOWS\system32\wshbth.dll
0x00007ff800050000 - 0x00007ff80006d000 	C:\WINDOWS\system32\NLAapi.dll
0x00007ff803ae0000 - 0x00007ff803b1b000 	C:\WINDOWS\SYSTEM32\IPHLPAPI.DLL
0x00007ff803b20000 - 0x00007ff803beb000 	C:\WINDOWS\SYSTEM32\DNSAPI.dll
0x00007ff806fa0000 - 0x00007ff806fa8000 	C:\WINDOWS\System32\NSI.dll
0x00007fffecee0000 - 0x00007fffecef2000 	C:\WINDOWS\System32\winrnr.dll
0x00007ffff94d0000 - 0x00007ffff94da000 	C:\Windows\System32\rasadhlp.dll
0x00007fffffd90000 - 0x00007fffffe0f000 	C:\WINDOWS\System32\fwpuclnt.dll
0x00007ff804b90000 - 0x00007ff804bb7000 	C:\WINDOWS\System32\bcrypt.dll

dbghelp: loaded successfully - version: 4.0.5 - missing functions: none
symbol engine: initialized successfully - sym options: 0x614 - pdb path: .;C:\Users\mikhail.strepetov\.jdks\openjdk-17.0.1\bin;C:\WINDOWS\SYSTEM32;C:\Program Files\AVAST Software\Avast;C:\WINDOWS\WinSxS\amd64_microsoft.windows.common-controls_6595b64144ccf1df_6.0.19041.1110_none_60b5254171f9507e;C:\Users\mikhail.strepetov\.jdks\openjdk-17.0.1\bin\server

VM Arguments:
jvm_args: -XX:TieredStopAtLevel=1 -Dfile.encoding=windows-1251 -Duser.country=US -Duser.language=en -Duser.variant 
java_command: com.company.untitled.UntitledApplication
java_class_path (initial): C:\Users\mikhail.strepetov\.gradle\.tmp\gradle-javaexec-classpath10556536633332379560.jar
Launcher Type: SUN_STANDARD

[Global flags]
     intx CICompilerCount                          = 3                                         {product} {ergonomic}
     uint ConcGCThreads                            = 1                                         {product} {ergonomic}
     uint G1ConcRefinementThreads                  = 4                                         {product} {ergonomic}
   size_t G1HeapRegionSize                         = 1048576                                   {product} {ergonomic}
    uintx GCDrainStackTargetSize                   = 64                                        {product} {ergonomic}
   size_t InitialHeapSize                          = 132120576                                 {product} {ergonomic}
   size_t MarkStackSize                            = 4194304                                   {product} {ergonomic}
   size_t MaxHeapSize                              = 2113929216                                {product} {ergonomic}
   size_t MaxNewSize                               = 1267728384                                {product} {ergonomic}
   size_t MinHeapDeltaBytes                        = 1048576                                   {product} {ergonomic}
   size_t MinHeapSize                              = 8388608                                   {product} {ergonomic}
    uintx NonProfiledCodeHeapSize                  = 0                                      {pd product} {ergonomic}
     bool ProfileInterpreter                       = false                                  {pd product} {command line}
    uintx ProfiledCodeHeapSize                     = 0                                      {pd product} {ergonomic}
   size_t SoftMaxHeapSize                          = 2113929216                             {manageable} {ergonomic}
     intx TieredStopAtLevel                        = 1                                         {product} {command line}
     bool UseCompressedClassPointers               = true                           {product lp64_product} {ergonomic}
     bool UseCompressedOops                        = true                           {product lp64_product} {ergonomic}
     bool UseG1GC                                  = true                                      {product} {ergonomic}
     bool UseLargePagesIndividualAllocation        = false                                  {pd product} {ergonomic}

Logging:
Log output configuration:
 #0: stdout all=warning uptime,level,tags
 #1: stderr all=off uptime,level,tags

Environment Variables:
JAVA_HOME=C:\Program Files\Java\jdk-13.0.2
PATH=C:\Python39\Scripts\;C:\Python39\;C:\Program Files (x86)\PC Connectivity Solution\;C:\Program Files (x86)\AsanDoc client\;C:\ProgramData\Oracle\Java\javapath;C:\Program Files (x86)\Intel\iCLS Client\;C:\Program Files\Intel\iCLS Client\;C:\WINDOWS\system32;C:\WINDOWS;C:\WINDOWS\System32\Wbem;C:\WINDOWS\System32\WindowsPowerShell\v1.0\;C:\Program Files (x86)\Intel\Intel(R) Management Engine Components\DAL;C:\Program Files\Intel\Intel(R) Management Engine Components\DAL;C:\Program Files (x86)\Intel\Intel(R) Management Engine Components\IPT;C:\Program Files\Intel\Intel(R) Management Engine Components\IPT;C:\Program Files\PuTTY\;C:\WINDOWS\System32\OpenSSH\;C:\Program Files (x86)\Common Files\Oracle\Java\javapath--;C:\Program Files\Git\cmd;C:\Program Files\Git\mingw64\bin;C:\Program Files\Git\usr\bin;C:\Program Files\Java\jdk-13.0.2\bin;C:\Program Files (x86)\Java\jdk1.7.0_15\bin;C:\Program Files\PowerShell\7\;C:\Program Files\nodejs\;C:\ProgramData\chocolatey\bin;C:\Users\mikhail.strepetov\AppData\Local\Microsoft\WindowsApps;;D:\Program Files\JetBrains\PyCharm Community Edition 2021.2.2\bin;;D:\Program Files\JetBrains\IntelliJ IDEA Community Edition 2021.2.3\bin;
USERNAME=mikhail.strepetov
OS=Windows_NT
PROCESSOR_IDENTIFIER=Intel64 Family 6 Model 60 Stepping 3, GenuineIntel



---------------  S Y S T E M  ---------------

OS:
 Windows 10 , 64 bit Build 19041 (10.0.19041.1348)
OS uptime: 9 days 16:27 hours

CPU: total 4 (initial active 4) (4 cores per cpu, 1 threads per core) family 6 model 60 stepping 3 microcode 0x27, cx8, cmov, fxsr, mmx, sse, sse2, sse3, ssse3, sse4.1, sse4.2, popcnt, lzcnt, tsc, tscinvbit, avx, avx2, aes, erms, clmul, bmi1, bmi2, fma, vzeroupper, clflush

Memory: 4k page, system-wide physical 8063M (824M free)
TotalPageFile size 12159M (AvailPageFile size 0M)
current process WorkingSet (physical memory assigned to process): 215M, peak: 215M
current process commit charge ("private bytes"): 328M, peak: 382M

vm_info: OpenJDK 64-Bit Server VM (17.0.1+12-39) for windows-amd64 JRE (17.0.1+12-39), built on Sep 27 2021 18:39:29 by "mach5one" with MS VC++ 16.8 (VS2019)

END.
