#
# There is insufficient memory for the Java Runtime Environment to continue.
# Native memory allocation (mmap) failed to map 56623104 bytes for G1 virtual space
# Possible reasons:
#   The system is out of physical RAM or swap space
#   The process is running with CompressedOops enabled, and the Java Heap may be blocking the growth of the native heap
# Possible solutions:
#   Reduce memory load on the system
#   Increase physical memory or swap space
#   Check if swap backing store is full
#   Decrease Java heap size (-Xmx/-Xms)
#   Decrease number of Java threads
#   Decrease Java thread stack sizes (-Xss)
#   Set larger code cache with -XX:ReservedCodeCacheSize=
#   JVM is running with Unscaled Compressed Oops mode in which the Java heap is
#     placed in the first 4GB address space. The Java Heap base address is the
#     maximum limit for the native heap growth. Please use -XX:HeapBaseMinAddress
#     to set the Java Heap base and to place the Java Heap above 4GB virtual address.
# This output file may be truncated or incomplete.
#
#  Out of Memory Error (os_windows.cpp:3469), pid=23828, tid=23972
#
# JRE version: OpenJDK Runtime Environment (17.0.1+12) (build 17.0.1+12-39)
# Java VM: OpenJDK 64-Bit Server VM (17.0.1+12-39, mixed mode, emulated-client, sharing, tiered, compressed oops, compressed class ptrs, g1 gc, windows-amd64)
# No core dump will be written. Minidumps are not enabled by default on client versions of Windows
#

---------------  S U M M A R Y ------------

Command Line: -XX:TieredStopAtLevel=1 -Dfile.encoding=windows-1251 -Duser.country=US -Duser.language=en -Duser.variant com.company.untitled.UntitledApplication

Host: Intel(R) Core(TM) i5-4460S CPU @ 2.90GHz, 4 cores, 7G,  Windows 10 , 64 bit Build 19041 (10.0.19041.1348)
Time: Mon Nov 22 09:40:27 2021 Azerbaijan Standard Time elapsed time: 2.003411 seconds (0d 0h 0m 2s)

---------------  T H R E A D  ---------------

Current thread (0x000002b35f519a20):  VMThread "VM Thread" [stack: 0x000000e333f00000,0x000000e334000000] [id=23972]

Stack: [0x000000e333f00000,0x000000e334000000]
Native frames: (J=compiled Java code, j=interpreted, Vv=VM code, C=native code)
V  [jvm.dll+0x66fa1a]
V  [jvm.dll+0x7ce5a4]
V  [jvm.dll+0x7cfd4e]
V  [jvm.dll+0x7d03b3]
V  [jvm.dll+0x242b05]
V  [jvm.dll+0x66ca39]
V  [jvm.dll+0x661502]
V  [jvm.dll+0x30081b]
V  [jvm.dll+0x307da6]
V  [jvm.dll+0x357a1e]
V  [jvm.dll+0x357c4f]
V  [jvm.dll+0x2d7ad8]
V  [jvm.dll+0x2d5da4]
V  [jvm.dll+0x2d53ac]
V  [jvm.dll+0x318d0b]
V  [jvm.dll+0x7d484b]
V  [jvm.dll+0x7d5584]
V  [jvm.dll+0x7d5a9c]
V  [jvm.dll+0x7d5e74]
V  [jvm.dll+0x7d5f40]
V  [jvm.dll+0x77e91a]
V  [jvm.dll+0x66e845]
C  [ucrtbase.dll+0x21bb2]
C  [KERNEL32.DLL+0x17034]
C  [ntdll.dll+0x52651]

VM_Operation (0x000000e3339fd2b0): G1CollectForAllocation, mode: safepoint, requested by thread 0x000002b34dec41b0


---------------  P R O C E S S  ---------------

Threads class SMR info:
_java_thread_list=0x000002b361ba8020, length=13, elements={
0x000002b34dec41b0, 0x000002b35f51fdd0, 0x000002b35f5213e0, 0x000002b35f533e10,
0x000002b35f534c80, 0x000002b35f53a0b0, 0x000002b35f53f710, 0x000002b35f543c80,
0x000002b35f544e10, 0x000002b36008c640, 0x000002b3600a4780, 0x000002b3600a70b0,
0x000002b3600b0600
}

Java Threads: ( => current thread )
  0x000002b34dec41b0 JavaThread "main" [_thread_blocked, id=28616, stack(0x000000e333900000,0x000000e333a00000)]
  0x000002b35f51fdd0 JavaThread "Reference Handler" daemon [_thread_blocked, id=12600, stack(0x000000e334000000,0x000000e334100000)]
  0x000002b35f5213e0 JavaThread "Finalizer" daemon [_thread_blocked, id=29808, stack(0x000000e334100000,0x000000e334200000)]
  0x000002b35f533e10 JavaThread "Signal Dispatcher" daemon [_thread_blocked, id=10420, stack(0x000000e334200000,0x000000e334300000)]
  0x000002b35f534c80 JavaThread "Attach Listener" daemon [_thread_blocked, id=19932, stack(0x000000e334300000,0x000000e334400000)]
  0x000002b35f53a0b0 JavaThread "Service Thread" daemon [_thread_blocked, id=20812, stack(0x000000e334400000,0x000000e334500000)]
  0x000002b35f53f710 JavaThread "Monitor Deflation Thread" daemon [_thread_blocked, id=27076, stack(0x000000e334500000,0x000000e334600000)]
  0x000002b35f543c80 JavaThread "C1 CompilerThread0" daemon [_thread_blocked, id=23456, stack(0x000000e334600000,0x000000e334700000)]
  0x000002b35f544e10 JavaThread "Sweeper thread" daemon [_thread_blocked, id=32464, stack(0x000000e334700000,0x000000e334800000)]
  0x000002b36008c640 JavaThread "C1 CompilerThread1" daemon [_thread_blocked, id=33272, stack(0x000000e334800000,0x000000e334900000)]
  0x000002b3600a4780 JavaThread "C1 CompilerThread2" daemon [_thread_blocked, id=16412, stack(0x000000e334900000,0x000000e334a00000)]
  0x000002b3600a70b0 JavaThread "Notification Thread" daemon [_thread_blocked, id=29336, stack(0x000000e334a00000,0x000000e334b00000)]
  0x000002b3600b0600 JavaThread "Common-Cleaner" daemon [_thread_blocked, id=25804, stack(0x000000e334c00000,0x000000e334d00000)]

Other Threads:
=>0x000002b35f519a20 VMThread "VM Thread" [stack: 0x000000e333f00000,0x000000e334000000] [id=23972]
  0x000002b3600af5a0 WatcherThread [stack: 0x000000e334b00000,0x000000e334c00000] [id=32940]
  0x000002b34df02b80 GCTaskThread "GC Thread#0" [stack: 0x000000e333a00000,0x000000e333b00000] [id=18304]
  0x000002b3600c2fb0 GCTaskThread "GC Thread#1" [stack: 0x000000e334d00000,0x000000e334e00000] [id=31180]
  0x000002b3600c3260 GCTaskThread "GC Thread#2" [stack: 0x000000e334e00000,0x000000e334f00000] [id=22384]
  0x000002b36171a230 GCTaskThread "GC Thread#3" [stack: 0x000000e335000000,0x000000e335100000] [id=12484]
  0x000002b34df13790 ConcurrentGCThread "G1 Main Marker" [stack: 0x000000e333b00000,0x000000e333c00000] [id=16924]
  0x000002b34df15950 ConcurrentGCThread "G1 Conc#0" [stack: 0x000000e333c00000,0x000000e333d00000] [id=13292]
  0x000002b35f3d20b0 ConcurrentGCThread "G1 Refine#0" [stack: 0x000000e333d00000,0x000000e333e00000] [id=32520]
  0x000002b36169c990 ConcurrentGCThread "G1 Refine#1" [stack: 0x000000e335100000,0x000000e335200000] [id=23332]
  0x000002b361584dd0 ConcurrentGCThread "G1 Refine#2" [stack: 0x000000e335200000,0x000000e335300000] [id=21044]
  0x000002b35f3d28e0 ConcurrentGCThread "G1 Service" [stack: 0x000000e333e00000,0x000000e333f00000] [id=19992]

Threads with active compile tasks:

VM state: at safepoint (normal execution)

VM Mutex/Monitor currently owned by a thread:  ([mutex/lock_event])
[0x000002b34debd6d0] Threads_lock - owner thread: 0x000002b35f519a20
[0x000002b34debc830] Heap_lock - owner thread: 0x000002b34dec41b0

Heap address: 0x0000000082000000, size: 2016 MB, Compressed Oops mode: 32-bit

CDS archive(s) mapped at: [0x0000000800000000-0x0000000800bc0000-0x0000000800bc0000), size 12320768, SharedBaseAddress: 0x0000000800000000, ArchiveRelocationMode: 0.
Compressed class space mapped at: 0x0000000800c00000-0x0000000840c00000, reserved size: 1073741824
Narrow klass base: 0x0000000800000000, Narrow klass shift: 0, Narrow klass range: 0x100000000

GC Precious Log:
 CPUs: 4 total, 4 available
 Memory: 8063M
 Large Page Support: Disabled
 NUMA Support: Disabled
 Compressed Oops: Enabled (32-bit)
 Heap Region Size: 1M
 Heap Min Capacity: 8M
 Heap Initial Capacity: 126M
 Heap Max Capacity: 2016M
 Pre-touch: Disabled
 Parallel Workers: 4
 Concurrent Workers: 1
 Concurrent Refinement Workers: 4
 Periodic GC: Disabled

Heap:
 garbage-first heap   total 129024K, used 29246K [0x0000000082000000, 0x0000000100000000)
  region size 1024K, 6 young (6144K), 6 survivors (6144K)
 Metaspace       used 20355K, committed 20608K, reserved 1073152K
  class space    used 2779K, committed 2880K, reserved 1048576K

Heap Regions: E=young(eden), S=young(survivor), O=old, HS=humongous(starts), HC=humongous(continues), CS=collection set, F=free, OA=open archive, CA=closed archive, TAMS=top-at-mark-start (previous, next)
|   0|0x0000000082000000, 0x0000000082100000, 0x0000000082100000|100%|HS|  |TAMS 0x0000000082000000, 0x0000000082000000| Complete 
|   1|0x0000000082100000, 0x0000000082200000, 0x0000000082200000|100%|HS|  |TAMS 0x0000000082100000, 0x0000000082100000| Complete 
|   2|0x0000000082200000, 0x0000000082300000, 0x0000000082300000|100%| O|  |TAMS 0x0000000082200000, 0x0000000082200000| Untracked 
|   3|0x0000000082300000, 0x0000000082400000, 0x0000000082400000|100%| O|  |TAMS 0x0000000082300000, 0x0000000082300000| Untracked 
|   4|0x0000000082400000, 0x0000000082500000, 0x0000000082500000|100%| O|  |TAMS 0x0000000082400000, 0x0000000082400000| Untracked 
|   5|0x0000000082500000, 0x0000000082600000, 0x0000000082600000|100%| O|  |TAMS 0x0000000082500000, 0x0000000082500000| Untracked 
|   6|0x0000000082600000, 0x0000000082700000, 0x0000000082700000|100%| O|  |TAMS 0x0000000082600000, 0x0000000082600000| Untracked 
|   7|0x0000000082700000, 0x0000000082800000, 0x0000000082800000|100%| O|  |TAMS 0x0000000082700000, 0x0000000082700000| Untracked 
|   8|0x0000000082800000, 0x0000000082900000, 0x0000000082900000|100%| O|  |TAMS 0x0000000082800000, 0x0000000082800000| Untracked 
|   9|0x0000000082900000, 0x0000000082a00000, 0x0000000082a00000|100%| O|  |TAMS 0x0000000082900000, 0x0000000082900000| Untracked 
|  10|0x0000000082a00000, 0x0000000082b00000, 0x0000000082b00000|100%| O|  |TAMS 0x0000000082a00000, 0x0000000082a00000| Untracked 
|  11|0x0000000082b00000, 0x0000000082c00000, 0x0000000082c00000|100%| O|  |TAMS 0x0000000082b00000, 0x0000000082b00000| Untracked 
|  12|0x0000000082c00000, 0x0000000082d00000, 0x0000000082d00000|100%| O|  |TAMS 0x0000000082c00000, 0x0000000082c00000| Untracked 
|  13|0x0000000082d00000, 0x0000000082e00000, 0x0000000082e00000|100%| O|  |TAMS 0x0000000082d00000, 0x0000000082d00000| Untracked 
|  14|0x0000000082e00000, 0x0000000082f00000, 0x0000000082f00000|100%| O|  |TAMS 0x0000000082e00000, 0x0000000082e00000| Untracked 
|  15|0x0000000082f00000, 0x0000000083000000, 0x0000000083000000|100%| O|  |TAMS 0x0000000082f00000, 0x0000000082f00000| Untracked 
|  16|0x0000000083000000, 0x0000000083100000, 0x0000000083100000|100%| O|  |TAMS 0x0000000083000000, 0x0000000083000000| Untracked 
|  17|0x0000000083100000, 0x0000000083200000, 0x0000000083200000|100%| O|  |TAMS 0x0000000083100000, 0x0000000083100000| Untracked 
|  18|0x0000000083200000, 0x0000000083300000, 0x0000000083300000|100%| O|  |TAMS 0x0000000083200000, 0x0000000083200000| Untracked 
|  19|0x0000000083300000, 0x0000000083400000, 0x0000000083400000|100%| O|  |TAMS 0x0000000083300000, 0x0000000083300000| Untracked 
|  20|0x0000000083400000, 0x0000000083500000, 0x0000000083500000|100%| O|  |TAMS 0x0000000083400000, 0x0000000083400000| Untracked 
|  21|0x0000000083500000, 0x0000000083600000, 0x0000000083600000|100%| O|  |TAMS 0x0000000083500000, 0x0000000083500000| Untracked 
|  22|0x0000000083600000, 0x00000000836e0400, 0x0000000083700000| 87%| O|  |TAMS 0x0000000083600000, 0x0000000083600000| Untracked 
|  23|0x0000000083700000, 0x0000000083700000, 0x0000000083800000|  0%| F|  |TAMS 0x0000000083700000, 0x0000000083700000| Untracked 
|  24|0x0000000083800000, 0x0000000083800000, 0x0000000083900000|  0%| F|  |TAMS 0x0000000083800000, 0x0000000083800000| Untracked 
|  25|0x0000000083900000, 0x0000000083900000, 0x0000000083a00000|  0%| F|  |TAMS 0x0000000083900000, 0x0000000083900000| Untracked 
|  26|0x0000000083a00000, 0x0000000083a00000, 0x0000000083b00000|  0%| F|  |TAMS 0x0000000083a00000, 0x0000000083a00000| Untracked 
|  27|0x0000000083b00000, 0x0000000083b00000, 0x0000000083c00000|  0%| F|  |TAMS 0x0000000083b00000, 0x0000000083b00000| Untracked 
|  28|0x0000000083c00000, 0x0000000083c00000, 0x0000000083d00000|  0%| F|  |TAMS 0x0000000083c00000, 0x0000000083c00000| Untracked 
|  29|0x0000000083d00000, 0x0000000083d00000, 0x0000000083e00000|  0%| F|  |TAMS 0x0000000083d00000, 0x0000000083d00000| Untracked 
|  30|0x0000000083e00000, 0x0000000083e00000, 0x0000000083f00000|  0%| F|  |TAMS 0x0000000083e00000, 0x0000000083e00000| Untracked 
|  31|0x0000000083f00000, 0x0000000083f00000, 0x0000000084000000|  0%| F|  |TAMS 0x0000000083f00000, 0x0000000083f00000| Untracked 
|  32|0x0000000084000000, 0x0000000084000000, 0x0000000084100000|  0%| F|  |TAMS 0x0000000084000000, 0x0000000084000000| Untracked 
|  33|0x0000000084100000, 0x0000000084100000, 0x0000000084200000|  0%| F|  |TAMS 0x0000000084100000, 0x0000000084100000| Untracked 
|  34|0x0000000084200000, 0x0000000084200000, 0x0000000084300000|  0%| F|  |TAMS 0x0000000084200000, 0x0000000084200000| Untracked 
|  35|0x0000000084300000, 0x0000000084300000, 0x0000000084400000|  0%| F|  |TAMS 0x0000000084300000, 0x0000000084300000| Untracked 
|  36|0x0000000084400000, 0x0000000084400000, 0x0000000084500000|  0%| F|  |TAMS 0x0000000084400000, 0x0000000084400000| Untracked 
|  37|0x0000000084500000, 0x0000000084500000, 0x0000000084600000|  0%| F|  |TAMS 0x0000000084500000, 0x0000000084500000| Untracked 
|  38|0x0000000084600000, 0x0000000084600000, 0x0000000084700000|  0%| F|  |TAMS 0x0000000084600000, 0x0000000084600000| Untracked 
|  39|0x0000000084700000, 0x0000000084700000, 0x0000000084800000|  0%| F|  |TAMS 0x0000000084700000, 0x0000000084700000| Untracked 
|  40|0x0000000084800000, 0x0000000084800000, 0x0000000084900000|  0%| F|  |TAMS 0x0000000084800000, 0x0000000084800000| Untracked 
|  41|0x0000000084900000, 0x0000000084900000, 0x0000000084a00000|  0%| F|  |TAMS 0x0000000084900000, 0x0000000084900000| Untracked 
|  42|0x0000000084a00000, 0x0000000084a00000, 0x0000000084b00000|  0%| F|  |TAMS 0x0000000084a00000, 0x0000000084a00000| Untracked 
|  43|0x0000000084b00000, 0x0000000084b00000, 0x0000000084c00000|  0%| F|  |TAMS 0x0000000084b00000, 0x0000000084b00000| Untracked 
|  44|0x0000000084c00000, 0x0000000084c00000, 0x0000000084d00000|  0%| F|  |TAMS 0x0000000084c00000, 0x0000000084c00000| Untracked 
|  45|0x0000000084d00000, 0x0000000084d00000, 0x0000000084e00000|  0%| F|  |TAMS 0x0000000084d00000, 0x0000000084d00000| Untracked 
|  46|0x0000000084e00000, 0x0000000084e00000, 0x0000000084f00000|  0%| F|  |TAMS 0x0000000084e00000, 0x0000000084e00000| Untracked 
|  47|0x0000000084f00000, 0x0000000084f00000, 0x0000000085000000|  0%| F|  |TAMS 0x0000000084f00000, 0x0000000084f00000| Untracked 
|  48|0x0000000085000000, 0x0000000085000000, 0x0000000085100000|  0%| F|  |TAMS 0x0000000085000000, 0x0000000085000000| Untracked 
|  49|0x0000000085100000, 0x0000000085100000, 0x0000000085200000|  0%| F|  |TAMS 0x0000000085100000, 0x0000000085100000| Untracked 
|  50|0x0000000085200000, 0x0000000085200000, 0x0000000085300000|  0%| F|  |TAMS 0x0000000085200000, 0x0000000085200000| Untracked 
|  51|0x0000000085300000, 0x0000000085300000, 0x0000000085400000|  0%| F|  |TAMS 0x0000000085300000, 0x0000000085300000| Untracked 
|  52|0x0000000085400000, 0x0000000085400000, 0x0000000085500000|  0%| F|  |TAMS 0x0000000085400000, 0x0000000085400000| Untracked 
|  53|0x0000000085500000, 0x0000000085500000, 0x0000000085600000|  0%| F|  |TAMS 0x0000000085500000, 0x0000000085500000| Untracked 
|  54|0x0000000085600000, 0x0000000085600000, 0x0000000085700000|  0%| F|  |TAMS 0x0000000085600000, 0x0000000085600000| Untracked 
|  55|0x0000000085700000, 0x0000000085700000, 0x0000000085800000|  0%| F|  |TAMS 0x0000000085700000, 0x0000000085700000| Untracked 
|  56|0x0000000085800000, 0x0000000085800000, 0x0000000085900000|  0%| F|  |TAMS 0x0000000085800000, 0x0000000085800000| Untracked 
|  57|0x0000000085900000, 0x0000000085900000, 0x0000000085a00000|  0%| F|  |TAMS 0x0000000085900000, 0x0000000085900000| Untracked 
|  58|0x0000000085a00000, 0x0000000085a00000, 0x0000000085b00000|  0%| F|  |TAMS 0x0000000085a00000, 0x0000000085a00000| Untracked 
|  59|0x0000000085b00000, 0x0000000085b00000, 0x0000000085c00000|  0%| F|  |TAMS 0x0000000085b00000, 0x0000000085b00000| Untracked 
|  60|0x0000000085c00000, 0x0000000085c00000, 0x0000000085d00000|  0%| F|  |TAMS 0x0000000085c00000, 0x0000000085c00000| Untracked 
|  61|0x0000000085d00000, 0x0000000085d00000, 0x0000000085e00000|  0%| F|  |TAMS 0x0000000085d00000, 0x0000000085d00000| Untracked 
|  62|0x0000000085e00000, 0x0000000085eaf590, 0x0000000085f00000| 68%| S|CS|TAMS 0x0000000085e00000, 0x0000000085e00000| Complete 
|  63|0x0000000085f00000, 0x0000000086000000, 0x0000000086000000|100%| S|CS|TAMS 0x0000000085f00000, 0x0000000085f00000| Complete 
|  64|0x0000000086000000, 0x0000000086100000, 0x0000000086100000|100%| S|CS|TAMS 0x0000000086000000, 0x0000000086000000| Complete 
|  65|0x0000000086100000, 0x0000000086200000, 0x0000000086200000|100%| S|CS|TAMS 0x0000000086100000, 0x0000000086100000| Complete 
|  66|0x0000000086200000, 0x0000000086300000, 0x0000000086300000|100%| S|CS|TAMS 0x0000000086200000, 0x0000000086200000| Complete 
|  67|0x0000000086300000, 0x0000000086400000, 0x0000000086400000|100%| S|CS|TAMS 0x0000000086300000, 0x0000000086300000| Complete 
|  68|0x0000000086400000, 0x0000000086400000, 0x0000000086500000|  0%| F|  |TAMS 0x0000000086400000, 0x0000000086400000| Untracked 
|  69|0x0000000086500000, 0x0000000086500000, 0x0000000086600000|  0%| F|  |TAMS 0x0000000086500000, 0x0000000086500000| Untracked 
|  70|0x0000000086600000, 0x0000000086600000, 0x0000000086700000|  0%| F|  |TAMS 0x0000000086600000, 0x0000000086600000| Untracked 
|  71|0x0000000086700000, 0x0000000086700000, 0x0000000086800000|  0%| F|  |TAMS 0x0000000086700000, 0x0000000086700000| Untracked 
|  72|0x0000000086800000, 0x0000000086800000, 0x0000000086900000|  0%| F|  |TAMS 0x0000000086800000, 0x0000000086800000| Untracked 
|  73|0x0000000086900000, 0x0000000086900000, 0x0000000086a00000|  0%| F|  |TAMS 0x0000000086900000, 0x0000000086900000| Untracked 
|  74|0x0000000086a00000, 0x0000000086a00000, 0x0000000086b00000|  0%| F|  |TAMS 0x0000000086a00000, 0x0000000086a00000| Untracked 
|  75|0x0000000086b00000, 0x0000000086b00000, 0x0000000086c00000|  0%| F|  |TAMS 0x0000000086b00000, 0x0000000086b00000| Untracked 
|  76|0x0000000086c00000, 0x0000000086c00000, 0x0000000086d00000|  0%| F|  |TAMS 0x0000000086c00000, 0x0000000086c00000| Untracked 
|  77|0x0000000086d00000, 0x0000000086d00000, 0x0000000086e00000|  0%| F|  |TAMS 0x0000000086d00000, 0x0000000086d00000| Untracked 
|  78|0x0000000086e00000, 0x0000000086e00000, 0x0000000086f00000|  0%| F|  |TAMS 0x0000000086e00000, 0x0000000086e00000| Untracked 
|  79|0x0000000086f00000, 0x0000000086f00000, 0x0000000087000000|  0%| F|  |TAMS 0x0000000086f00000, 0x0000000086f00000| Untracked 
|  80|0x0000000087000000, 0x0000000087000000, 0x0000000087100000|  0%| F|  |TAMS 0x0000000087000000, 0x0000000087000000| Untracked 
|  81|0x0000000087100000, 0x0000000087100000, 0x0000000087200000|  0%| F|  |TAMS 0x0000000087100000, 0x0000000087100000| Untracked 
|  82|0x0000000087200000, 0x0000000087200000, 0x0000000087300000|  0%| F|  |TAMS 0x0000000087200000, 0x0000000087200000| Untracked 
|  83|0x0000000087300000, 0x0000000087300000, 0x0000000087400000|  0%| F|  |TAMS 0x0000000087300000, 0x0000000087300000| Untracked 
|  84|0x0000000087400000, 0x0000000087400000, 0x0000000087500000|  0%| F|  |TAMS 0x0000000087400000, 0x0000000087400000| Untracked 
|  85|0x0000000087500000, 0x0000000087500000, 0x0000000087600000|  0%| F|  |TAMS 0x0000000087500000, 0x0000000087500000| Untracked 
|  86|0x0000000087600000, 0x0000000087600000, 0x0000000087700000|  0%| F|  |TAMS 0x0000000087600000, 0x0000000087600000| Untracked 
|  87|0x0000000087700000, 0x0000000087700000, 0x0000000087800000|  0%| F|  |TAMS 0x0000000087700000, 0x0000000087700000| Untracked 
|  88|0x0000000087800000, 0x0000000087800000, 0x0000000087900000|  0%| F|  |TAMS 0x0000000087800000, 0x0000000087800000| Untracked 
|  89|0x0000000087900000, 0x0000000087900000, 0x0000000087a00000|  0%| F|  |TAMS 0x0000000087900000, 0x0000000087900000| Untracked 
|  90|0x0000000087a00000, 0x0000000087a00000, 0x0000000087b00000|  0%| F|  |TAMS 0x0000000087a00000, 0x0000000087a00000| Untracked 
|  91|0x0000000087b00000, 0x0000000087b00000, 0x0000000087c00000|  0%| F|  |TAMS 0x0000000087b00000, 0x0000000087b00000| Untracked 
|  92|0x0000000087c00000, 0x0000000087c00000, 0x0000000087d00000|  0%| F|  |TAMS 0x0000000087c00000, 0x0000000087c00000| Untracked 
|  93|0x0000000087d00000, 0x0000000087d00000, 0x0000000087e00000|  0%| F|  |TAMS 0x0000000087d00000, 0x0000000087d00000| Untracked 
|  94|0x0000000087e00000, 0x0000000087e00000, 0x0000000087f00000|  0%| F|  |TAMS 0x0000000087e00000, 0x0000000087e00000| Untracked 
|  95|0x0000000087f00000, 0x0000000087f00000, 0x0000000088000000|  0%| F|  |TAMS 0x0000000087f00000, 0x0000000087f00000| Untracked 
|  96|0x0000000088000000, 0x0000000088000000, 0x0000000088100000|  0%| F|  |TAMS 0x0000000088000000, 0x0000000088000000| Untracked 
|  97|0x0000000088100000, 0x0000000088100000, 0x0000000088200000|  0%| F|  |TAMS 0x0000000088100000, 0x0000000088100000| Untracked 
|  98|0x0000000088200000, 0x0000000088200000, 0x0000000088300000|  0%| F|  |TAMS 0x0000000088200000, 0x0000000088200000| Untracked 
|  99|0x0000000088300000, 0x0000000088300000, 0x0000000088400000|  0%| F|  |TAMS 0x0000000088300000, 0x0000000088300000| Untracked 
| 100|0x0000000088400000, 0x0000000088400000, 0x0000000088500000|  0%| F|  |TAMS 0x0000000088400000, 0x0000000088400000| Untracked 
| 101|0x0000000088500000, 0x0000000088500000, 0x0000000088600000|  0%| F|  |TAMS 0x0000000088500000, 0x0000000088500000| Untracked 
| 102|0x0000000088600000, 0x0000000088600000, 0x0000000088700000|  0%| F|  |TAMS 0x0000000088600000, 0x0000000088600000| Untracked 
| 103|0x0000000088700000, 0x0000000088700000, 0x0000000088800000|  0%| F|  |TAMS 0x0000000088700000, 0x0000000088700000| Untracked 
| 104|0x0000000088800000, 0x0000000088800000, 0x0000000088900000|  0%| F|  |TAMS 0x0000000088800000, 0x0000000088800000| Untracked 
| 105|0x0000000088900000, 0x0000000088900000, 0x0000000088a00000|  0%| F|  |TAMS 0x0000000088900000, 0x0000000088900000| Untracked 
| 106|0x0000000088a00000, 0x0000000088a00000, 0x0000000088b00000|  0%| F|  |TAMS 0x0000000088a00000, 0x0000000088a00000| Untracked 
| 107|0x0000000088b00000, 0x0000000088b00000, 0x0000000088c00000|  0%| F|  |TAMS 0x0000000088b00000, 0x0000000088b00000| Untracked 
| 108|0x0000000088c00000, 0x0000000088c00000, 0x0000000088d00000|  0%| F|  |TAMS 0x0000000088c00000, 0x0000000088c00000| Untracked 
| 109|0x0000000088d00000, 0x0000000088d00000, 0x0000000088e00000|  0%| F|  |TAMS 0x0000000088d00000, 0x0000000088d00000| Untracked 
| 110|0x0000000088e00000, 0x0000000088e00000, 0x0000000088f00000|  0%| F|  |TAMS 0x0000000088e00000, 0x0000000088e00000| Untracked 
| 111|0x0000000088f00000, 0x0000000088f00000, 0x0000000089000000|  0%| F|  |TAMS 0x0000000088f00000, 0x0000000088f00000| Untracked 
| 112|0x0000000089000000, 0x0000000089000000, 0x0000000089100000|  0%| F|  |TAMS 0x0000000089000000, 0x0000000089000000| Untracked 
| 113|0x0000000089100000, 0x0000000089100000, 0x0000000089200000|  0%| F|  |TAMS 0x0000000089100000, 0x0000000089100000| Untracked 
| 114|0x0000000089200000, 0x0000000089200000, 0x0000000089300000|  0%| F|  |TAMS 0x0000000089200000, 0x0000000089200000| Untracked 
| 115|0x0000000089300000, 0x0000000089300000, 0x0000000089400000|  0%| F|  |TAMS 0x0000000089300000, 0x0000000089300000| Untracked 
| 116|0x0000000089400000, 0x0000000089400000, 0x0000000089500000|  0%| F|  |TAMS 0x0000000089400000, 0x0000000089400000| Untracked 
| 117|0x0000000089500000, 0x0000000089500000, 0x0000000089600000|  0%| F|  |TAMS 0x0000000089500000, 0x0000000089500000| Untracked 
| 118|0x0000000089600000, 0x0000000089600000, 0x0000000089700000|  0%| F|  |TAMS 0x0000000089600000, 0x0000000089600000| Untracked 
| 119|0x0000000089700000, 0x0000000089700000, 0x0000000089800000|  0%| F|  |TAMS 0x0000000089700000, 0x0000000089700000| Untracked 
| 120|0x0000000089800000, 0x0000000089800000, 0x0000000089900000|  0%| F|  |TAMS 0x0000000089800000, 0x0000000089800000| Untracked 
| 121|0x0000000089900000, 0x0000000089900000, 0x0000000089a00000|  0%| F|  |TAMS 0x0000000089900000, 0x0000000089900000| Untracked 
| 122|0x0000000089a00000, 0x0000000089a00000, 0x0000000089b00000|  0%| F|  |TAMS 0x0000000089a00000, 0x0000000089a00000| Untracked 
| 123|0x0000000089b00000, 0x0000000089b00000, 0x0000000089c00000|  0%| F|  |TAMS 0x0000000089b00000, 0x0000000089b00000| Untracked 
| 124|0x0000000089c00000, 0x0000000089c00000, 0x0000000089d00000|  0%| F|  |TAMS 0x0000000089c00000, 0x0000000089c00000| Untracked 
| 125|0x0000000089d00000, 0x0000000089d00000, 0x0000000089e00000|  0%| F|  |TAMS 0x0000000089d00000, 0x0000000089d00000| Untracked 

Card table byte_map: [0x000002b358ab0000,0x000002b358ea0000] _byte_map_base: 0x000002b3586a0000

Marking Bits (Prev, Next): (CMBitMap*) 0x000002b34df03190, (CMBitMap*) 0x000002b34df031d0
 Prev Bits: [0x000002b359290000, 0x000002b35b210000)
 Next Bits: [0x000002b35b210000, 0x000002b35d190000)

Polling page: 0x000002b34bed0000

Metaspace:

Usage:
  Non-class:     17.16 MB used.
      Class:      2.71 MB used.
       Both:     19.88 MB used.

Virtual space:
  Non-class space:       24.00 MB reserved,      17.31 MB ( 72%) committed,  3 nodes.
      Class space:        1.00 GB reserved,       2.81 MB ( <1%) committed,  1 nodes.
             Both:        1.02 GB reserved,      20.12 MB (  2%) committed. 

Chunk freelists:
   Non-Class:  1.86 MB
       Class:  1.06 MB
        Both:  2.92 MB

MaxMetaspaceSize: unlimited
CompressedClassSpaceSize: 1.00 GB
Initial GC threshold: 21.00 MB
Current GC threshold: 21.00 MB
CDS: on
MetaspaceReclaimPolicy: balanced
 - commit_granule_bytes: 65536.
 - commit_granule_words: 8192.
 - virtual_space_node_default_size: 1048576.
 - enlarge_chunks_in_place: 1.
 - new_chunks_are_fully_committed: 0.
 - uncommit_free_chunks: 1.
 - use_allocation_guard: 0.
 - handle_deallocations: 1.


Internal statistics:

num_allocs_failed_limit: 0.
num_arena_births: 212.
num_arena_deaths: 0.
num_vsnodes_births: 4.
num_vsnodes_deaths: 0.
num_space_committed: 322.
num_space_uncommitted: 0.
num_chunks_returned_to_freelist: 0.
num_chunks_taken_from_freelist: 927.
num_chunk_merges: 0.
num_chunk_splits: 663.
num_chunks_enlarged: 536.
num_purges: 0.
num_inconsistent_stats: 0.

CodeCache: size=49152Kb used=6774Kb max_used=6774Kb free=42377Kb
 bounds [0x000002b3556c0000, 0x000002b355d60000, 0x000002b3586c0000]
 total_blobs=3372 nmethods=2915 adapters=382
 compilation: enabled
              stopped_count=0, restarted_count=0
 full_count=0

Compilation events (20 events):
Event: 1.926 Thread 0x000002b3600a4780 2905   !   1       jdk.internal.reflect.NativeMethodAccessorImpl::invoke (137 bytes)
Event: 1.927 Thread 0x000002b3600a4780 nmethod 2905 0x000002b355d58d90 code [0x000002b355d58f80, 0x000002b355d59428]
Event: 1.929 Thread 0x000002b3600a4780 2907       1       jdk.internal.loader.BuiltinClassLoader$1::hasNext (93 bytes)
Event: 1.930 Thread 0x000002b3600a4780 nmethod 2907 0x000002b355d59810 code [0x000002b355d59a00, 0x000002b355d59dc8]
Event: 1.938 Thread 0x000002b3600a4780 2908       1       org.springframework.beans.factory.support.AbstractBeanDefinition::setBeanClassName (6 bytes)
Event: 1.938 Thread 0x000002b36008c640 2909       1       org.springframework.beans.factory.support.AbstractBeanDefinition::setResource (6 bytes)
Event: 1.938 Thread 0x000002b36008c640 nmethod 2909 0x000002b355d59f10 code [0x000002b355d5a0a0, 0x000002b355d5a1b8]
Event: 1.938 Thread 0x000002b3600a4780 nmethod 2908 0x000002b355d5a210 code [0x000002b355d5a3a0, 0x000002b355d5a4b8]
Event: 1.947 Thread 0x000002b3600a4780 2910       1       org.springframework.beans.factory.support.AbstractBeanDefinition::hasPropertyValues (23 bytes)
Event: 1.947 Thread 0x000002b3600a4780 nmethod 2910 0x000002b355d5a510 code [0x000002b355d5a6a0, 0x000002b355d5a7c8]
Event: 1.947 Thread 0x000002b36008c640 2911       1       org.springframework.beans.factory.support.AbstractBeanDefinition::hasConstructorArgumentValues (23 bytes)
Event: 1.947 Thread 0x000002b36008c640 nmethod 2911 0x000002b355d5a890 code [0x000002b355d5aa20, 0x000002b355d5ab28]
Event: 1.951 Thread 0x000002b36008c640 2912       1       java.util.AbstractMap::hashCode (45 bytes)
Event: 1.952 Thread 0x000002b36008c640 nmethod 2912 0x000002b355d5ab90 code [0x000002b355d5ad60, 0x000002b355d5af68]
Event: 1.962 Thread 0x000002b3600a4780 2913       1       org.springframework.asm.ClassReader::readConst (276 bytes)
Event: 1.964 Thread 0x000002b3600a4780 nmethod 2913 0x000002b355d5b090 code [0x000002b355d5b3c0, 0x000002b355d5c388]
Event: 1.990 Thread 0x000002b3600a4780 2914       1       org.springframework.beans.factory.support.AbstractBeanDefinition::hashCode (99 bytes)
Event: 1.990 Thread 0x000002b36008c640 2915       1       org.springframework.core.AttributeAccessorSupport::hashCode (10 bytes)
Event: 1.990 Thread 0x000002b36008c640 nmethod 2915 0x000002b355d5cd10 code [0x000002b355d5cea0, 0x000002b355d5cf88]
Event: 1.990 Thread 0x000002b3600a4780 nmethod 2914 0x000002b355d5d010 code [0x000002b355d5d220, 0x000002b355d5d638]

GC Heap History (9 events):
Event: 0.062 GC heap before
{Heap before GC invocations=0 (full 0):
 garbage-first heap   total 129024K, used 12288K [0x0000000082000000, 0x0000000100000000)
  region size 1024K, 13 young (13312K), 0 survivors (0K)
 Metaspace       used 112K, committed 192K, reserved 1056768K
  class space    used 7K, committed 64K, reserved 1048576K
}
Event: 0.064 GC heap after
{Heap after GC invocations=1 (full 0):
 garbage-first heap   total 129024K, used 709K [0x0000000082000000, 0x0000000100000000)
  region size 1024K, 1 young (1024K), 1 survivors (1024K)
 Metaspace       used 112K, committed 192K, reserved 1056768K
  class space    used 7K, committed 64K, reserved 1048576K
}
Event: 0.070 GC heap before
{Heap before GC invocations=1 (full 0):
 garbage-first heap   total 129024K, used 20165K [0x0000000082000000, 0x0000000100000000)
  region size 1024K, 21 young (21504K), 1 survivors (1024K)
 Metaspace       used 112K, committed 192K, reserved 1056768K
  class space    used 7K, committed 64K, reserved 1048576K
}
Event: 0.071 GC heap after
{Heap after GC invocations=2 (full 0):
 garbage-first heap   total 129024K, used 724K [0x0000000082000000, 0x0000000100000000)
  region size 1024K, 1 young (1024K), 1 survivors (1024K)
 Metaspace       used 112K, committed 192K, reserved 1056768K
  class space    used 7K, committed 64K, reserved 1048576K
}
Event: 1.096 GC heap before
{Heap before GC invocations=2 (full 0):
 garbage-first heap   total 129024K, used 77524K [0x0000000082000000, 0x0000000100000000)
  region size 1024K, 75 young (76800K), 1 survivors (1024K)
 Metaspace       used 10939K, committed 11136K, reserved 1064960K
  class space    used 1556K, committed 1664K, reserved 1048576K
}
Event: 1.108 GC heap after
{Heap after GC invocations=3 (full 0):
 garbage-first heap   total 129024K, used 23317K [0x0000000082000000, 0x0000000100000000)
  region size 1024K, 10 young (10240K), 10 survivors (10240K)
 Metaspace       used 10939K, committed 11136K, reserved 1064960K
  class space    used 1556K, committed 1664K, reserved 1048576K
}
Event: 1.424 GC heap before
{Heap before GC invocations=3 (full 0):
 garbage-first heap   total 129024K, used 61205K [0x0000000082000000, 0x0000000100000000)
  region size 1024K, 47 young (48128K), 10 survivors (10240K)
 Metaspace       used 18027K, committed 18304K, reserved 1073152K
  class space    used 2449K, committed 2560K, reserved 1048576K
}
Event: 1.431 GC heap after
{Heap after GC invocations=4 (full 0):
 garbage-first heap   total 129024K, used 26042K [0x0000000082000000, 0x0000000100000000)
  region size 1024K, 3 young (3072K), 3 survivors (3072K)
 Metaspace       used 18027K, committed 18304K, reserved 1073152K
  class space    used 2449K, committed 2560K, reserved 1048576K
}
Event: 1.995 GC heap before
{Heap before GC invocations=4 (full 0):
 garbage-first heap   total 129024K, used 81338K [0x0000000082000000, 0x0000000100000000)
  region size 1024K, 58 young (59392K), 3 survivors (3072K)
 Metaspace       used 20355K, committed 20608K, reserved 1073152K
  class space    used 2779K, committed 2880K, reserved 1048576K
}

Deoptimization events (6 events):
Event: 0.223 Thread 0x000002b34dec41b0 DEOPT PACKING pc=0x000002b35595032d sp=0x000000e3339fc830
Event: 0.223 Thread 0x000002b34dec41b0 DEOPT UNPACKING pc=0x000002b355712b43 sp=0x000000e3339fbd90 mode 3
Event: 0.495 Thread 0x000002b34dec41b0 DEOPT PACKING pc=0x000002b355a497f5 sp=0x000000e3339fd460
Event: 0.495 Thread 0x000002b34dec41b0 DEOPT UNPACKING pc=0x000002b355712b43 sp=0x000000e3339fc8d0 mode 3
Event: 1.249 Thread 0x000002b34dec41b0 DEOPT PACKING pc=0x000002b355bff219 sp=0x000000e3339fd440
Event: 1.249 Thread 0x000002b34dec41b0 DEOPT UNPACKING pc=0x000002b355712b43 sp=0x000000e3339fc920 mode 3

Classes unloaded (0 events):
No events

Classes redefined (0 events):
No events

Internal exceptions (20 events):
Event: 1.321 Thread 0x000002b34dec41b0 Exception <a 'java/lang/ClassNotFoundException'{0x000000008859d790}: org/springframework/context/annotation/ConfigurationClassPostProcessorCustomizer> (0x000000008859d790) 
thrown [t:\workspace\open\src\hotspot\share\classfile\systemDictionary.cpp, line 256]
Event: 1.324 Thread 0x000002b34dec41b0 Exception <a 'java/lang/ClassNotFoundException'{0x00000000885c43e0}: org/springframework/beans/factory/support/BeanDefinitionRegistryPostProcessorCustomizer> (0x00000000885c43e0) 
thrown [t:\workspace\open\src\hotspot\share\classfile\systemDictionary.cpp, line 256]
Event: 1.325 Thread 0x000002b34dec41b0 Exception <a 'java/lang/ClassNotFoundException'{0x00000000885d0290}: org/springframework/beans/factory/config/BeanFactoryPostProcessorCustomizer> (0x00000000885d0290) 
thrown [t:\workspace\open\src\hotspot\share\classfile\systemDictionary.cpp, line 256]
Event: 1.326 Thread 0x000002b34dec41b0 Exception <a 'java/lang/ClassNotFoundException'{0x00000000885db588}: org/springframework/core/PriorityOrderedCustomizer> (0x00000000885db588) 
thrown [t:\workspace\open\src\hotspot\share\classfile\systemDictionary.cpp, line 256]
Event: 1.327 Thread 0x000002b34dec41b0 Exception <a 'java/lang/ClassNotFoundException'{0x00000000885e51f8}: org/springframework/core/OrderedCustomizer> (0x00000000885e51f8) 
thrown [t:\workspace\open\src\hotspot\share\classfile\systemDictionary.cpp, line 256]
Event: 1.328 Thread 0x000002b34dec41b0 Exception <a 'java/lang/ClassNotFoundException'{0x00000000885f0630}: org/springframework/context/ResourceLoaderAwareCustomizer> (0x00000000885f0630) 
thrown [t:\workspace\open\src\hotspot\share\classfile\systemDictionary.cpp, line 256]
Event: 1.329 Thread 0x000002b34dec41b0 Exception <a 'java/lang/ClassNotFoundException'{0x00000000885fb990}: org/springframework/beans/factory/AwareCustomizer> (0x00000000885fb990) 
thrown [t:\workspace\open\src\hotspot\share\classfile\systemDictionary.cpp, line 256]
Event: 1.330 Thread 0x000002b34dec41b0 Exception <a 'java/lang/ClassNotFoundException'{0x0000000088490b30}: org/springframework/context/ApplicationStartupAwareCustomizer> (0x0000000088490b30) 
thrown [t:\workspace\open\src\hotspot\share\classfile\systemDictionary.cpp, line 256]
Event: 1.331 Thread 0x000002b34dec41b0 Exception <a 'java/lang/ClassNotFoundException'{0x000000008849c118}: org/springframework/beans/factory/AwareCustomizer> (0x000000008849c118) 
thrown [t:\workspace\open\src\hotspot\share\classfile\systemDictionary.cpp, line 256]
Event: 1.332 Thread 0x000002b34dec41b0 Exception <a 'java/lang/ClassNotFoundException'{0x00000000884a6a08}: org/springframework/beans/factory/BeanClassLoaderAwareCustomizer> (0x00000000884a6a08) 
thrown [t:\workspace\open\src\hotspot\share\classfile\systemDictionary.cpp, line 256]
Event: 1.333 Thread 0x000002b34dec41b0 Exception <a 'java/lang/ClassNotFoundException'{0x00000000884b1d50}: org/springframework/beans/factory/AwareCustomizer> (0x00000000884b1d50) 
thrown [t:\workspace\open\src\hotspot\share\classfile\systemDictionary.cpp, line 256]
Event: 1.334 Thread 0x000002b34dec41b0 Exception <a 'java/lang/ClassNotFoundException'{0x00000000884bbf80}: org/springframework/context/EnvironmentAwareCustomizer> (0x00000000884bbf80) 
thrown [t:\workspace\open\src\hotspot\share\classfile\systemDictionary.cpp, line 256]
Event: 1.335 Thread 0x000002b34dec41b0 Exception <a 'java/lang/ClassNotFoundException'{0x00000000884c7260}: org/springframework/beans/factory/AwareCustomizer> (0x00000000884c7260) 
thrown [t:\workspace\open\src\hotspot\share\classfile\systemDictionary.cpp, line 256]
Event: 1.485 Thread 0x000002b361570770 Exception <a 'java/lang/NoSuchMethodError'{0x00000000894012c0}: 'long java.lang.invoke.DirectMethodHandle$Holder.invokeSpecial(java.lang.Object, java.lang.Object)'> (0x00000000894012c0) 
thrown [t:\workspace\open\src\hotspot\share\interpreter\linkResolver.cpp, line 766]
Event: 1.486 Thread 0x000002b361570770 Exception <a 'java/lang/NoSuchMethodError'{0x000000008940c190}: 'long java.lang.invoke.DirectMethodHandle$Holder.invokeStatic(java.lang.Object, java.lang.Object)'> (0x000000008940c190) 
thrown [t:\workspace\open\src\hotspot\share\interpreter\linkResolver.cpp, line 766]
Event: 1.486 Thread 0x000002b361570770 Exception <a 'java/lang/NoSuchMethodError'{0x000000008940f790}: 'long java.lang.invoke.DirectMethodHandle$Holder.invokeStaticInit(java.lang.Object, java.lang.Object)'> (0x000000008940f790) 
thrown [t:\workspace\open\src\hotspot\share\interpreter\linkResolver.cpp, line 766]
Event: 1.490 Thread 0x000002b361570770 Exception <a 'java/lang/NoSuchMethodError'{0x000000008941d338}: 'long java.lang.invoke.DirectMethodHandle$Holder.invokeInterface(java.lang.Object, java.lang.Object)'> (0x000000008941d338) 
thrown [t:\workspace\open\src\hotspot\share\interpreter\linkResolver.cpp, line 766]
Event: 1.491 Thread 0x000002b361570770 Exception <a 'java/lang/IncompatibleClassChangeError'{0x00000000894208c8}: Found class java.lang.Object, but interface was expected> (0x00000000894208c8) 
thrown [t:\workspace\open\src\hotspot\share\interpreter\linkResolver.cpp, line 833]
Event: 1.501 Thread 0x000002b361570770 Exception <a 'java/lang/NoSuchMethodError'{0x000000008933ad78}: 'java.lang.Object java.lang.invoke.DirectMethodHandle$Holder.invokeVirtual(java.lang.Object, java.lang.Object, java.lang.Object, java.lang.Object)'> (0x000000008933ad78) 
thrown [t:\workspace\open\src\hotspot\share\interpreter\linkResolver.cpp, line 766]
Event: 1.575 Thread 0x000002b34dec41b0 Exception <a 'java/lang/NoSuchMethodError'{0x0000000088e85b60}: 'void java.lang.invoke.DirectMethodHandle$Holder.invokeInterface(java.lang.Object, java.lang.Object, java.lang.Object, java.lang.Object)'> (0x0000000088e85b60) 
thrown [t:\workspace\open\src\hotspot\share\interpreter\linkResolver.cpp, line 766]

VM Operations (20 events):
Event: 0.759 Executing VM operation: HandshakeAllThreads done
Event: 0.781 Executing VM operation: ICBufferFull
Event: 0.781 Executing VM operation: ICBufferFull done
Event: 1.035 Executing VM operation: HandshakeAllThreads
Event: 1.035 Executing VM operation: HandshakeAllThreads done
Event: 1.051 Executing VM operation: HandshakeAllThreads
Event: 1.051 Executing VM operation: HandshakeAllThreads done
Event: 1.089 Executing VM operation: ICBufferFull
Event: 1.089 Executing VM operation: ICBufferFull done
Event: 1.096 Executing VM operation: G1CollectForAllocation
Event: 1.108 Executing VM operation: G1CollectForAllocation done
Event: 1.190 Executing VM operation: HandshakeAllThreads
Event: 1.190 Executing VM operation: HandshakeAllThreads done
Event: 1.294 Executing VM operation: HandshakeAllThreads
Event: 1.294 Executing VM operation: HandshakeAllThreads done
Event: 1.347 Executing VM operation: HandshakeAllThreads
Event: 1.347 Executing VM operation: HandshakeAllThreads done
Event: 1.424 Executing VM operation: G1CollectForAllocation
Event: 1.431 Executing VM operation: G1CollectForAllocation done
Event: 1.995 Executing VM operation: G1CollectForAllocation

Events (20 events):
Event: 1.344 loading class java/net/SocketException done
Event: 1.356 loading class java/io/CharArrayReader
Event: 1.356 loading class java/io/CharArrayReader done
Event: 1.357 loading class java/util/regex/Pattern$LazyLoop
Event: 1.357 loading class java/util/regex/Pattern$Loop
Event: 1.357 loading class java/util/regex/Pattern$Loop done
Event: 1.357 loading class java/util/regex/Pattern$LazyLoop done
Event: 1.357 loading class java/util/regex/Pattern$Prolog
Event: 1.357 loading class java/util/regex/Pattern$Prolog done
Event: 1.365 loading class java/util/concurrent/atomic/AtomicReference
Event: 1.365 loading class java/util/concurrent/atomic/AtomicReference done
Event: 1.436 Thread 0x000002b361af38e0 Thread added: 0x000002b361af38e0
Event: 1.455 loading class javax/naming/ldap/LdapContext
Event: 1.455 loading class javax/naming/directory/DirContext
Event: 1.455 loading class javax/naming/directory/DirContext done
Event: 1.455 loading class javax/naming/ldap/LdapContext done
Event: 1.476 Thread 0x000002b361af38e0 Thread exited: 0x000002b361af38e0
Event: 1.513 Thread 0x000002b361570770 Thread exited: 0x000002b361570770
Event: 1.633 loading class java/net/HttpURLConnection
Event: 1.633 loading class java/net/HttpURLConnection done


Dynamic libraries:
0x00007ff6e8080000 - 0x00007ff6e808e000 	C:\Users\mikhail.strepetov\.jdks\openjdk-17.0.1\bin\java.exe
0x00007ff806ff0000 - 0x00007ff8071e5000 	C:\WINDOWS\SYSTEM32\ntdll.dll
0x00007fffe3390000 - 0x00007fffe33a6000 	C:\Program Files\AVAST Software\Avast\aswhook.dll
0x00007ff805200000 - 0x00007ff8052be000 	C:\WINDOWS\System32\KERNEL32.DLL
0x00007ff8048c0000 - 0x00007ff804b88000 	C:\WINDOWS\System32\KERNELBASE.dll
0x00007ff804f40000 - 0x00007ff805040000 	C:\WINDOWS\System32\ucrtbase.dll
0x00007ffff0410000 - 0x00007ffff042a000 	C:\Users\mikhail.strepetov\.jdks\openjdk-17.0.1\bin\VCRUNTIME140.dll
0x00007ffffbf90000 - 0x00007ffffbfa8000 	C:\Users\mikhail.strepetov\.jdks\openjdk-17.0.1\bin\jli.dll
0x00007ff806df0000 - 0x00007ff806f91000 	C:\WINDOWS\System32\USER32.dll
0x00007fffefbe0000 - 0x00007fffefe7a000 	C:\WINDOWS\WinSxS\amd64_microsoft.windows.common-controls_6595b64144ccf1df_6.0.19041.1110_none_60b5254171f9507e\COMCTL32.dll
0x00007ff804c60000 - 0x00007ff804c82000 	C:\WINDOWS\System32\win32u.dll
0x00007ff806440000 - 0x00007ff8064de000 	C:\WINDOWS\System32\msvcrt.dll
0x00007ff8052c0000 - 0x00007ff8052eb000 	C:\WINDOWS\System32\GDI32.dll
0x00007ff804cf0000 - 0x00007ff804dfb000 	C:\WINDOWS\System32\gdi32full.dll
0x00007ff804bc0000 - 0x00007ff804c5d000 	C:\WINDOWS\System32\msvcp_win.dll
0x00007ff8065c0000 - 0x00007ff8065f0000 	C:\WINDOWS\System32\IMM32.DLL
0x00007ff800220000 - 0x00007ff80022c000 	C:\Users\mikhail.strepetov\.jdks\openjdk-17.0.1\bin\vcruntime140_1.dll
0x00007fffef2d0000 - 0x00007fffef35d000 	C:\Users\mikhail.strepetov\.jdks\openjdk-17.0.1\bin\msvcp140.dll
0x00007fffd0570000 - 0x00007fffd112e000 	C:\Users\mikhail.strepetov\.jdks\openjdk-17.0.1\bin\server\jvm.dll
0x00007ff805150000 - 0x00007ff8051fc000 	C:\WINDOWS\System32\ADVAPI32.dll
0x00007ff8066a0000 - 0x00007ff80673b000 	C:\WINDOWS\System32\sechost.dll
0x00007ff805350000 - 0x00007ff80547a000 	C:\WINDOWS\System32\RPCRT4.dll
0x00007ff806b10000 - 0x00007ff806b18000 	C:\WINDOWS\System32\PSAPI.DLL
0x00007ffff5610000 - 0x00007ffff5619000 	C:\WINDOWS\SYSTEM32\WSOCK32.dll
0x00007fffe13b0000 - 0x00007fffe13d7000 	C:\WINDOWS\SYSTEM32\WINMM.dll
0x00007ff806b20000 - 0x00007ff806b8b000 	C:\WINDOWS\System32\WS2_32.dll
0x00007ffffe1e0000 - 0x00007ffffe1ea000 	C:\WINDOWS\SYSTEM32\VERSION.dll
0x00007ff802fb0000 - 0x00007ff802fc2000 	C:\WINDOWS\SYSTEM32\kernel.appcore.dll
0x00007fffffa10000 - 0x00007fffffa1a000 	C:\Users\mikhail.strepetov\.jdks\openjdk-17.0.1\bin\jimage.dll
0x00007ffffd770000 - 0x00007ffffd954000 	C:\WINDOWS\SYSTEM32\DBGHELP.DLL
0x00007ffffd740000 - 0x00007ffffd76c000 	C:\WINDOWS\SYSTEM32\dbgcore.DLL
0x00007ff804e00000 - 0x00007ff804e83000 	C:\WINDOWS\System32\bcryptPrimitives.dll
0x00007fffef2a0000 - 0x00007fffef2c5000 	C:\Users\mikhail.strepetov\.jdks\openjdk-17.0.1\bin\java.dll
0x00007fffe80c0000 - 0x00007fffe8196000 	C:\Users\mikhail.strepetov\.jdks\openjdk-17.0.1\bin\svml.dll
0x00007ff805980000 - 0x00007ff8060bf000 	C:\WINDOWS\System32\SHELL32.dll
0x00007ff8027f0000 - 0x00007ff802f80000 	C:\WINDOWS\SYSTEM32\windows.storage.dll
0x00007ff8060c0000 - 0x00007ff806415000 	C:\WINDOWS\System32\combase.dll
0x00007ff804090000 - 0x00007ff8040be000 	C:\WINDOWS\SYSTEM32\Wldp.dll
0x00007ff8050a0000 - 0x00007ff80514d000 	C:\WINDOWS\System32\SHCORE.dll
0x00007ff805040000 - 0x00007ff805095000 	C:\WINDOWS\System32\shlwapi.dll
0x00007ff804650000 - 0x00007ff80466f000 	C:\WINDOWS\SYSTEM32\profapi.dll
0x00007fffef240000 - 0x00007fffef259000 	C:\Users\mikhail.strepetov\.jdks\openjdk-17.0.1\bin\net.dll
0x00007ffffab90000 - 0x00007ffffac9c000 	C:\WINDOWS\SYSTEM32\WINHTTP.dll
0x00007ff803df0000 - 0x00007ff803e5a000 	C:\WINDOWS\system32\mswsock.dll
0x00007fffef220000 - 0x00007fffef235000 	C:\Users\mikhail.strepetov\.jdks\openjdk-17.0.1\bin\nio.dll
0x00007fffef200000 - 0x00007fffef218000 	C:\Users\mikhail.strepetov\.jdks\openjdk-17.0.1\bin\zip.dll
0x00007ffffbed0000 - 0x00007ffffbee0000 	C:\Users\mikhail.strepetov\.jdks\openjdk-17.0.1\bin\verify.dll
0x00007ffff19c0000 - 0x00007ffff19c9000 	C:\Users\mikhail.strepetov\.jdks\openjdk-17.0.1\bin\management.dll
0x00007fffef1f0000 - 0x00007fffef1fb000 	C:\Users\mikhail.strepetov\.jdks\openjdk-17.0.1\bin\management_ext.dll
0x00007fffedc10000 - 0x00007fffedc27000 	C:\WINDOWS\system32\napinsp.dll
0x00007fffedbc0000 - 0x00007fffedbdb000 	C:\WINDOWS\system32\pnrpnsp.dll
0x00007fffecf20000 - 0x00007fffecf35000 	C:\WINDOWS\system32\wshbth.dll
0x00007ff800050000 - 0x00007ff80006d000 	C:\WINDOWS\system32\NLAapi.dll
0x00007ff803ae0000 - 0x00007ff803b1b000 	C:\WINDOWS\SYSTEM32\IPHLPAPI.DLL
0x00007ff803b20000 - 0x00007ff803beb000 	C:\WINDOWS\SYSTEM32\DNSAPI.dll
0x00007ff806fa0000 - 0x00007ff806fa8000 	C:\WINDOWS\System32\NSI.dll
0x00007fffecee0000 - 0x00007fffecef2000 	C:\WINDOWS\System32\winrnr.dll
0x00007ffff94d0000 - 0x00007ffff94da000 	C:\Windows\System32\rasadhlp.dll
0x00007fffffd90000 - 0x00007fffffe0f000 	C:\WINDOWS\System32\fwpuclnt.dll
0x00007ff804b90000 - 0x00007ff804bb7000 	C:\WINDOWS\System32\bcrypt.dll

dbghelp: loaded successfully - version: 4.0.5 - missing functions: none
symbol engine: initialized successfully - sym options: 0x614 - pdb path: .;C:\Users\mikhail.strepetov\.jdks\openjdk-17.0.1\bin;C:\WINDOWS\SYSTEM32;C:\Program Files\AVAST Software\Avast;C:\WINDOWS\WinSxS\amd64_microsoft.windows.common-controls_6595b64144ccf1df_6.0.19041.1110_none_60b5254171f9507e;C:\Users\mikhail.strepetov\.jdks\openjdk-17.0.1\bin\server

VM Arguments:
jvm_args: -XX:TieredStopAtLevel=1 -Dfile.encoding=windows-1251 -Duser.country=US -Duser.language=en -Duser.variant 
java_command: com.company.untitled.UntitledApplication
java_class_path (initial): C:\Users\mikhail.strepetov\.gradle\.tmp\gradle-javaexec-classpath5371694708897473683.jar
Launcher Type: SUN_STANDARD

[Global flags]
     intx CICompilerCount                          = 3                                         {product} {ergonomic}
     uint ConcGCThreads                            = 1                                         {product} {ergonomic}
     uint G1ConcRefinementThreads                  = 4                                         {product} {ergonomic}
   size_t G1HeapRegionSize                         = 1048576                                   {product} {ergonomic}
    uintx GCDrainStackTargetSize                   = 64                                        {product} {ergonomic}
   size_t InitialHeapSize                          = 132120576                                 {product} {ergonomic}
   size_t MarkStackSize                            = 4194304                                   {product} {ergonomic}
   size_t MaxHeapSize                              = 2113929216                                {product} {ergonomic}
   size_t MaxNewSize                               = 1267728384                                {product} {ergonomic}
   size_t MinHeapDeltaBytes                        = 1048576                                   {product} {ergonomic}
   size_t MinHeapSize                              = 8388608                                   {product} {ergonomic}
    uintx NonProfiledCodeHeapSize                  = 0                                      {pd product} {ergonomic}
     bool ProfileInterpreter                       = false                                  {pd product} {command line}
    uintx ProfiledCodeHeapSize                     = 0                                      {pd product} {ergonomic}
   size_t SoftMaxHeapSize                          = 2113929216                             {manageable} {ergonomic}
     intx TieredStopAtLevel                        = 1                                         {product} {command line}
     bool UseCompressedClassPointers               = true                           {product lp64_product} {ergonomic}
     bool UseCompressedOops                        = true                           {product lp64_product} {ergonomic}
     bool UseG1GC                                  = true                                      {product} {ergonomic}
     bool UseLargePagesIndividualAllocation        = false                                  {pd product} {ergonomic}

Logging:
Log output configuration:
 #0: stdout all=warning uptime,level,tags
 #1: stderr all=off uptime,level,tags

Environment Variables:
JAVA_HOME=C:\Program Files\Java\jdk-13.0.2
PATH=C:\Python39\Scripts\;C:\Python39\;C:\Program Files (x86)\PC Connectivity Solution\;C:\Program Files (x86)\AsanDoc client\;C:\ProgramData\Oracle\Java\javapath;C:\Program Files (x86)\Intel\iCLS Client\;C:\Program Files\Intel\iCLS Client\;C:\WINDOWS\system32;C:\WINDOWS;C:\WINDOWS\System32\Wbem;C:\WINDOWS\System32\WindowsPowerShell\v1.0\;C:\Program Files (x86)\Intel\Intel(R) Management Engine Components\DAL;C:\Program Files\Intel\Intel(R) Management Engine Components\DAL;C:\Program Files (x86)\Intel\Intel(R) Management Engine Components\IPT;C:\Program Files\Intel\Intel(R) Management Engine Components\IPT;C:\Program Files\PuTTY\;C:\WINDOWS\System32\OpenSSH\;C:\Program Files (x86)\Common Files\Oracle\Java\javapath--;C:\Program Files\Git\cmd;C:\Program Files\Git\mingw64\bin;C:\Program Files\Git\usr\bin;C:\Program Files\Java\jdk-13.0.2\bin;C:\Program Files (x86)\Java\jdk1.7.0_15\bin;C:\Program Files\PowerShell\7\;C:\Program Files\nodejs\;C:\ProgramData\chocolatey\bin;C:\Users\mikhail.strepetov\AppData\Local\Microsoft\WindowsApps;;D:\Program Files\JetBrains\PyCharm Community Edition 2021.2.2\bin;;D:\Program Files\JetBrains\IntelliJ IDEA Community Edition 2021.2.3\bin;
USERNAME=mikhail.strepetov
OS=Windows_NT
PROCESSOR_IDENTIFIER=Intel64 Family 6 Model 60 Stepping 3, GenuineIntel



---------------  S Y S T E M  ---------------

OS:
 Windows 10 , 64 bit Build 19041 (10.0.19041.1348)
OS uptime: 9 days 16:29 hours

CPU: total 4 (initial active 4) (4 cores per cpu, 1 threads per core) family 6 model 60 stepping 3 microcode 0x27, cx8, cmov, fxsr, mmx, sse, sse2, sse3, ssse3, sse4.1, sse4.2, popcnt, lzcnt, tsc, tscinvbit, avx, avx2, aes, erms, clmul, bmi1, bmi2, fma, vzeroupper, clflush

Memory: 4k page, system-wide physical 8063M (1015M free)
TotalPageFile size 12159M (AvailPageFile size 17M)
current process WorkingSet (physical memory assigned to process): 195M, peak: 195M
current process commit charge ("private bytes"): 280M, peak: 334M

vm_info: OpenJDK 64-Bit Server VM (17.0.1+12-39) for windows-amd64 JRE (17.0.1+12-39), built on Sep 27 2021 18:39:29 by "mach5one" with MS VC++ 16.8 (VS2019)

END.
